#
# A fatal error has been detected by the Java Runtime Environment:
#
#  SIGBUS (0xa) at pc=0x000000010dbb2267, pid=3089, tid=52487
#
# JRE version: OpenJDK Runtime Environment Temurin-11.0.12+7 (11.0.12+7) (build 11.0.12+7)
# Java VM: OpenJDK 64-Bit Server VM Temurin-11.0.12+7 (11.0.12+7, mixed mode, tiered, compressed oops, parallel gc, bsd-amd64)
# Problematic frame:
# V  [libjvm.dylib+0x3b2267]  InterpreterRuntime::throw_ArrayIndexOutOfBoundsException(JavaThread*, arrayOopDesc*, int)+0x97
#
# No core dump will be written. Core dumps have been disabled. To enable core dumping, try "ulimit -c unlimited" before starting Java again
#
# If you would like to submit a bug report, please visit:
#   https://github.com/adoptium/adoptium-support/issues
#

---------------  S U M M A R Y ------------

Command Line: --add-modules=ALL-SYSTEM --add-opens=java.base/java.util=ALL-UNNAMED --add-opens=java.base/java.lang=ALL-UNNAMED -Declipse.application=org.eclipse.jdt.ls.core.id1 -Dosgi.bundles.defaultStartLevel=4 -Declipse.product=org.eclipse.jdt.ls.core.product -Dfile.encoding=utf8 -XX:+UseParallelGC -XX:GCTimeRatio=4 -XX:AdaptiveSizePolicyWeight=90 -Dsun.zip.disableMemoryMapping=true -Xmx1G -Xms100m -Xverify:none /Users/rodrigoguerreiro/.vscode/extensions/redhat.java-0.81.0/server/plugins/org.eclipse.equinox.launcher_1.6.200.v20210416-2027.jar -configuration /Users/rodrigoguerreiro/Library/Application Support/Code/User/globalStorage/redhat.java/0.81.0/config_ss_mac -data /Users/rodrigoguerreiro/Library/Application Support/Code/User/workspaceStorage/cc41e5a0329dd2aa306af9612dd1bfca/redhat.java/ss_ws

Host: MacBookPro17,1 x86_64 2400 MHz, 8 cores, 16G, Darwin 20.6.0
Time: Wed Sep  8 23:47:53 2021 WEST elapsed time: 4.334010 seconds (0d 0h 0m 4s)

---------------  T H R E A D  ---------------

Current thread (0x00007f944b3d0800):  JavaThread "ForkJoinPool.commonPool-worker-5" daemon [_thread_in_vm, id=52487, stack(0x000000030810b000,0x000000030820b000)]

Stack: [0x000000030810b000,0x000000030820b000],  sp=0x0000000308209aa0,  free space=1018k
Native frames: (J=compiled Java code, A=aot compiled Java code, j=interpreted, Vv=VM code, C=native code)
V  [libjvm.dylib+0x3b2267]  InterpreterRuntime::throw_ArrayIndexOutOfBoundsException(JavaThread*, arrayOopDesc*, int)+0x97
j  org.eclipse.jdt.internal.compiler.parser.Scanner.getNextToken0()I+93
j  org.eclipse.jdt.internal.compiler.parser.Scanner.getNextToken()I+47
j  org.eclipse.jdt.internal.compiler.parser.Parser.fetchNextToken()I+4
j  org.eclipse.jdt.internal.compiler.parser.Parser.parse()V+329
j  org.eclipse.jdt.internal.compiler.parser.Parser.parse(Lorg/eclipse/jdt/internal/compiler/env/ICompilationUnit;Lorg/eclipse/jdt/internal/compiler/CompilationResult;II)Lorg/eclipse/jdt/internal/compiler/ast/CompilationUnitDeclaration;+178
j  org.eclipse.jdt.internal.compiler.parser.Parser.parse(Lorg/eclipse/jdt/internal/compiler/env/ICompilationUnit;Lorg/eclipse/jdt/internal/compiler/CompilationResult;)Lorg/eclipse/jdt/internal/compiler/ast/CompilationUnitDeclaration;+5
j  org.eclipse.jdt.internal.compiler.parser.Parser.dietParse(Lorg/eclipse/jdt/internal/compiler/env/ICompilationUnit;Lorg/eclipse/jdt/internal/compiler/CompilationResult;)Lorg/eclipse/jdt/internal/compiler/ast/CompilationUnitDeclaration;+25
j  org.eclipse.jdt.core.dom.CompilationUnitResolver.parse(Lorg/eclipse/jdt/internal/compiler/env/ICompilationUnit;Lorg/eclipse/jdt/core/dom/NodeSearcher;Ljava/util/Map;I)Lorg/eclipse/jdt/internal/compiler/ast/CompilationUnitDeclaration;+117
j  org.eclipse.jdt.core.dom.ASTParser.internalCreateAST(Lorg/eclipse/core/runtime/IProgressMonitor;)Lorg/eclipse/jdt/core/dom/ASTNode;+914
j  org.eclipse.jdt.core.dom.ASTParser.createAST(Lorg/eclipse/core/runtime/IProgressMonitor;)Lorg/eclipse/jdt/core/dom/ASTNode;+39
j  org.eclipse.jdt.ls.core.internal.JDTUtils.getPackageName(Lorg/eclipse/jdt/core/IJavaProject;Ljava/lang/String;)Ljava/lang/String;+37
j  org.eclipse.jdt.ls.core.internal.JDTUtils.getPackageName(Lorg/eclipse/jdt/core/IJavaProject;Ljava/net/URI;)Ljava/lang/String;+194
j  org.eclipse.jdt.ls.core.internal.JDTUtils.getFakeCompilationUnit(Ljava/net/URI;Lorg/eclipse/core/runtime/IProgressMonitor;)Lorg/eclipse/jdt/core/ICompilationUnit;+76
j  org.eclipse.jdt.ls.core.internal.JDTUtils.resolveCompilationUnit(Ljava/net/URI;)Lorg/eclipse/jdt/core/ICompilationUnit;+68
j  org.eclipse.jdt.ls.core.internal.JDTUtils.resolveTypeRoot(Ljava/lang/String;ZLorg/eclipse/core/runtime/IProgressMonitor;)Lorg/eclipse/jdt/core/ITypeRoot;+131
j  org.eclipse.jdt.ls.core.internal.JDTUtils.resolveTypeRoot(Ljava/lang/String;)Lorg/eclipse/jdt/core/ITypeRoot;+3
j  org.eclipse.jdt.ls.core.internal.handlers.DocumentSymbolHandler.documentSymbol(Lorg/eclipse/lsp4j/DocumentSymbolParams;Lorg/eclipse/core/runtime/IProgressMonitor;)Ljava/util/List;+7
j  org.eclipse.jdt.ls.core.internal.syntaxserver.SyntaxLanguageServer.lambda$2(Lorg/eclipse/jdt/ls/core/internal/handlers/DocumentSymbolHandler;Lorg/eclipse/lsp4j/DocumentSymbolParams;Lorg/eclipse/core/runtime/IProgressMonitor;)Ljava/util/List;+8
j  org.eclipse.jdt.ls.core.internal.syntaxserver.SyntaxLanguageServer$$Lambda$217.apply(Ljava/lang/Object;)Ljava/lang/Object;+16
j  org.eclipse.jdt.ls.core.internal.BaseJDTLanguageServer.lambda$0(Ljava/util/function/Function;Lorg/eclipse/lsp4j/jsonrpc/CancelChecker;)Ljava/lang/Object;+6
j  org.eclipse.jdt.ls.core.internal.BaseJDTLanguageServer$$Lambda$218.apply(Ljava/lang/Object;)Ljava/lang/Object;+12
j  java.util.concurrent.CompletableFuture$UniApply.tryFire(I)Ljava/util/concurrent/CompletableFuture;+106 java.base@11.0.12
j  java.util.concurrent.CompletableFuture$Completion.exec()Z+2 java.base@11.0.12
j  java.util.concurrent.ForkJoinTask.doExec()I+10 java.base@11.0.12
j  java.util.concurrent.ForkJoinPool$WorkQueue.topLevelExec(Ljava/util/concurrent/ForkJoinTask;Ljava/util/concurrent/ForkJoinPool$WorkQueue;I)V+12 java.base@11.0.12
j  java.util.concurrent.ForkJoinPool.scan(Ljava/util/concurrent/ForkJoinPool$WorkQueue;I)Z+182 java.base@11.0.12
j  java.util.concurrent.ForkJoinPool.runWorker(Ljava/util/concurrent/ForkJoinPool$WorkQueue;)V+25 java.base@11.0.12
j  java.util.concurrent.ForkJoinWorkerThread.run()V+24 java.base@11.0.12
v  ~StubRoutines::call_stub
V  [libjvm.dylib+0x3b910e]  JavaCalls::call_helper(JavaValue*, methodHandle const&, JavaCallArguments*, Thread*)+0x21a
V  [libjvm.dylib+0x3b8558]  JavaCalls::call_virtual(JavaValue*, Klass*, Symbol*, Symbol*, JavaCallArguments*, Thread*)+0xee
V  [libjvm.dylib+0x3b8614]  JavaCalls::call_virtual(JavaValue*, Handle, Klass*, Symbol*, Symbol*, Thread*)+0x62
V  [libjvm.dylib+0x43f4e6]  thread_entry(JavaThread*, Thread*)+0x78
V  [libjvm.dylib+0x77dbc6]  JavaThread::thread_main_inner()+0x82
V  [libjvm.dylib+0x77da10]  JavaThread::run()+0x174
V  [libjvm.dylib+0x77b8ec]  Thread::call_run()+0x68
V  [libjvm.dylib+0x62a3c1]  thread_native_entry(Thread*)+0x139
C  [libsystem_pthread.dylib+0x68fc]  _pthread_start+0xe0
C  [libsystem_pthread.dylib+0x2443]  thread_start+0xf

Java frames: (J=compiled Java code, j=interpreted, Vv=VM code)
j  org.eclipse.jdt.internal.compiler.parser.Scanner.getNextToken0()I+93
j  org.eclipse.jdt.internal.compiler.parser.Scanner.getNextToken()I+47
j  org.eclipse.jdt.internal.compiler.parser.Parser.fetchNextToken()I+4
j  org.eclipse.jdt.internal.compiler.parser.Parser.parse()V+329
j  org.eclipse.jdt.internal.compiler.parser.Parser.parse(Lorg/eclipse/jdt/internal/compiler/env/ICompilationUnit;Lorg/eclipse/jdt/internal/compiler/CompilationResult;II)Lorg/eclipse/jdt/internal/compiler/ast/CompilationUnitDeclaration;+178
j  org.eclipse.jdt.internal.compiler.parser.Parser.parse(Lorg/eclipse/jdt/internal/compiler/env/ICompilationUnit;Lorg/eclipse/jdt/internal/compiler/CompilationResult;)Lorg/eclipse/jdt/internal/compiler/ast/CompilationUnitDeclaration;+5
j  org.eclipse.jdt.internal.compiler.parser.Parser.dietParse(Lorg/eclipse/jdt/internal/compiler/env/ICompilationUnit;Lorg/eclipse/jdt/internal/compiler/CompilationResult;)Lorg/eclipse/jdt/internal/compiler/ast/CompilationUnitDeclaration;+25
j  org.eclipse.jdt.core.dom.CompilationUnitResolver.parse(Lorg/eclipse/jdt/internal/compiler/env/ICompilationUnit;Lorg/eclipse/jdt/core/dom/NodeSearcher;Ljava/util/Map;I)Lorg/eclipse/jdt/internal/compiler/ast/CompilationUnitDeclaration;+117
j  org.eclipse.jdt.core.dom.ASTParser.internalCreateAST(Lorg/eclipse/core/runtime/IProgressMonitor;)Lorg/eclipse/jdt/core/dom/ASTNode;+914
j  org.eclipse.jdt.core.dom.ASTParser.createAST(Lorg/eclipse/core/runtime/IProgressMonitor;)Lorg/eclipse/jdt/core/dom/ASTNode;+39
j  org.eclipse.jdt.ls.core.internal.JDTUtils.getPackageName(Lorg/eclipse/jdt/core/IJavaProject;Ljava/lang/String;)Ljava/lang/String;+37
j  org.eclipse.jdt.ls.core.internal.JDTUtils.getPackageName(Lorg/eclipse/jdt/core/IJavaProject;Ljava/net/URI;)Ljava/lang/String;+194
j  org.eclipse.jdt.ls.core.internal.JDTUtils.getFakeCompilationUnit(Ljava/net/URI;Lorg/eclipse/core/runtime/IProgressMonitor;)Lorg/eclipse/jdt/core/ICompilationUnit;+76
j  org.eclipse.jdt.ls.core.internal.JDTUtils.resolveCompilationUnit(Ljava/net/URI;)Lorg/eclipse/jdt/core/ICompilationUnit;+68
j  org.eclipse.jdt.ls.core.internal.JDTUtils.resolveTypeRoot(Ljava/lang/String;ZLorg/eclipse/core/runtime/IProgressMonitor;)Lorg/eclipse/jdt/core/ITypeRoot;+131
j  org.eclipse.jdt.ls.core.internal.JDTUtils.resolveTypeRoot(Ljava/lang/String;)Lorg/eclipse/jdt/core/ITypeRoot;+3
j  org.eclipse.jdt.ls.core.internal.handlers.DocumentSymbolHandler.documentSymbol(Lorg/eclipse/lsp4j/DocumentSymbolParams;Lorg/eclipse/core/runtime/IProgressMonitor;)Ljava/util/List;+7
j  org.eclipse.jdt.ls.core.internal.syntaxserver.SyntaxLanguageServer.lambda$2(Lorg/eclipse/jdt/ls/core/internal/handlers/DocumentSymbolHandler;Lorg/eclipse/lsp4j/DocumentSymbolParams;Lorg/eclipse/core/runtime/IProgressMonitor;)Ljava/util/List;+8
j  org.eclipse.jdt.ls.core.internal.syntaxserver.SyntaxLanguageServer$$Lambda$217.apply(Ljava/lang/Object;)Ljava/lang/Object;+16
j  org.eclipse.jdt.ls.core.internal.BaseJDTLanguageServer.lambda$0(Ljava/util/function/Function;Lorg/eclipse/lsp4j/jsonrpc/CancelChecker;)Ljava/lang/Object;+6
j  org.eclipse.jdt.ls.core.internal.BaseJDTLanguageServer$$Lambda$218.apply(Ljava/lang/Object;)Ljava/lang/Object;+12
j  java.util.concurrent.CompletableFuture$UniApply.tryFire(I)Ljava/util/concurrent/CompletableFuture;+106 java.base@11.0.12
j  java.util.concurrent.CompletableFuture$Completion.exec()Z+2 java.base@11.0.12
j  java.util.concurrent.ForkJoinTask.doExec()I+10 java.base@11.0.12
j  java.util.concurrent.ForkJoinPool$WorkQueue.topLevelExec(Ljava/util/concurrent/ForkJoinTask;Ljava/util/concurrent/ForkJoinPool$WorkQueue;I)V+12 java.base@11.0.12
j  java.util.concurrent.ForkJoinPool.scan(Ljava/util/concurrent/ForkJoinPool$WorkQueue;I)Z+182 java.base@11.0.12
j  java.util.concurrent.ForkJoinPool.runWorker(Ljava/util/concurrent/ForkJoinPool$WorkQueue;)V+25 java.base@11.0.12
j  java.util.concurrent.ForkJoinWorkerThread.run()V+24 java.base@11.0.12
v  ~StubRoutines::call_stub

siginfo: si_signo: 10 (SIGBUS), si_code: 2 (BUS_ADRERR), si_addr: 0x00000007ecd44dcc

Register to memory mapping:

RAX=0x000000010e1cbb99: UseCompressedClassPointers+0 in /Library/Java/JavaVirtualMachines/temurin-11.jdk/Contents/Home/lib/server/libjvm.dylib at 0x000000010d800000
RBX=0x00007f944b3d0800 is a thread
RCX=0x0 is NULL
RDX=0x0000000000000030 is an unknown value
RSP=0x0000000308209aa0 is pointing into the stack for thread: 0x00007f944b3d0800
RBP=0x0000000308209b90 is pointing into the stack for thread: 0x00007f944b3d0800
RSI=0x0 is NULL
RDI=0x0000000308209ad8 is pointing into the stack for thread: 0x00007f944b3d0800
R8 =0x000000012e91e5e0 is pointing into metadata
R9 =0x0 is NULL
R10=0x000000012e91bcc0 is pointing into metadata
R11=0x00000003082099df is pointing into the stack for thread: 0x00007f944b3d0800
R12=0x0000000308209ad8 is pointing into the stack for thread: 0x00007f944b3d0800
R13=0x00000007ecd44dc0 is an unallocated location in the heap
R14=0x0000000308209aa8 is pointing into the stack for thread: 0x00007f944b3d0800
R15=0x0000000000000197 is an unknown value


Registers:
RAX=0x000000010e1cbb99, RBX=0x00007f944b3d0800, RCX=0x0000000000000000, RDX=0x0000000000000030
RSP=0x0000000308209aa0, RBP=0x0000000308209b90, RSI=0x0000000000000000, RDI=0x0000000308209ad8
R8 =0x000000012e91e5e0, R9 =0x0000000000000000, R10=0x000000012e91bcc0, R11=0x00000003082099df
R12=0x0000000308209ad8, R13=0x00000007ecd44dc0, R14=0x0000000308209aa8, R15=0x0000000000000197
RIP=0x000000010dbb2267, EFLAGS=0x0000000000000202, ERR=0x0000000000000004
  TRAPNO=0x000000000000000e

Top of Stack: (sp=0x0000000308209aa0)
0x0000000308209aa0:   0000005fb2a10039 00007f93e9d76460
0x0000000308209ab0:   00007f93e9d72de0 00007f93e9d72df0
0x0000000308209ac0:   00007f93e9d731c8 00000000000003d8
0x0000000308209ad0:   00007f944b3d0800 000000010e175578
0x0000000308209ae0:   0000005000000000 0000000000000000
0x0000000308209af0:   0000000000000000 0000000000000000
0x0000000308209b00:   0000000000000000 0000000000000000
0x0000000308209b10:   0000000308209b29 0000000000000000
0x0000000308209b20:   0000000000000030 0000000000000000
0x0000000308209b30:   00000007eadf0f48 0000000308209b38
0x0000000308209b40:   000000012ea3fdd8 0000000308209ba0
0x0000000308209b50:   000000012ea462b8 0000000000000000
0x0000000308209b60:   aa9c76a8b2a10039 0000000000000197
0x0000000308209b70:   0000000000000000 000000012ea3bebd
0x0000000308209b80:   0000000308209c70 00007f944b3d0800
0x0000000308209b90:   0000000308209bf0 00000001181a0056
0x0000000308209ba0:   00000001181a0011 0000000308209ba8
0x0000000308209bb0:   000000012ea3bebd 0000000308209c70
0x0000000308209bc0:   000000012ea462b8 0000000000000000
0x0000000308209bd0:   00000007c0c076c0 000000012ea3ced0
0x0000000308209be0:   0000000000000000 0000000308209c70
0x0000000308209bf0:   0000000308209cc0 000000011819bc80
0x0000000308209c00:   0000000000000000 0000000000000000
0x0000000308209c10:   0000000000000000 0000000000000000
0x0000000308209c20:   0000000000000000 0000000000000000
0x0000000308209c30:   0000000000000000 0000000000000000
0x0000000308209c40:   0000000000000000 0000000000000000
0x0000000308209c50:   0000000000000197 0000000000000001
0x0000000308209c60:   0000000000000001 0000000000000194
0x0000000308209c70:   00000007c1571a70 0000000308209c78
0x0000000308209c80:   000000012ea3bd1f 0000000308209cd8
0x0000000308209c90:   000000012ea462b8 0000000000000000 

Instructions: (pc=0x000000010dbb2267)
0x000000010dbb2167:   89 f7 e8 5c e8 39 00 48 8d 7d b0 e8 a9 9a 18 00
0x000000010dbb2177:   48 8b 9b f0 00 00 00 4c 8b 73 08 48 8b 43 10 48
0x000000010dbb2187:   83 38 00 74 19 48 8b 73 28 4c 89 f7 e8 b4 99 d4
0x000000010dbb2197:   ff 48 8b 7b 10 e8 73 98 d4 ff 48 8b 43 10 49 89
0x000000010dbb21a7:   46 10 48 8b 43 18 49 89 46 18 48 8b 43 20 49 89
0x000000010dbb21b7:   46 20 48 8d 7d d8 e8 8e 70 ed ff 48 83 c4 30 5b
0x000000010dbb21c7:   41 5c 41 5e 41 5f 5d c3 90 55 48 89 e5 41 57 41
0x000000010dbb21d7:   56 41 55 41 54 53 48 81 ec c8 00 00 00 41 89 d7
0x000000010dbb21e7:   49 89 f5 48 89 fb 48 8b 05 8c cf 4f 00 48 8b 00
0x000000010dbb21f7:   48 89 45 d0 48 89 bd 40 ff ff ff c7 87 c0 03 00
0x000000010dbb2207:   00 06 00 00 00 be 03 00 00 00 48 89 fa e8 7f fa
0x000000010dbb2217:   ff ff 48 83 7b 08 00 0f 85 9c 00 00 00 48 8b 83
0x000000010dbb2227:   78 02 00 00 4c 8d b5 18 ff ff ff 49 89 06 0f 10
0x000000010dbb2237:   40 10 41 0f 11 46 08 0f 10 40 20 41 0f 11 46 18
0x000000010dbb2247:   4c 8d a5 48 ff ff ff 31 f6 4c 89 e7 e8 ac 1a 28
0x000000010dbb2257:   00 48 8d 05 3a 99 61 00 31 c9 80 38 00 0f 94 c1
0x000000010dbb2267:   41 8b 4c 8d 0c 48 8d 35 f0 09 45 00 31 c0 4c 89
0x000000010dbb2277:   e7 44 89 fa e8 10 13 28 00 48 8d 05 39 4e 64 00
0x000000010dbb2287:   4c 8b b8 80 03 00 00 4c 89 e7 e8 d2 1b 28 00 48
0x000000010dbb2297:   8d 35 a0 40 47 00 ba bc 01 00 00 48 89 df 4c 89
0x000000010dbb22a7:   f9 49 89 c0 e8 24 67 f4 ff 4c 89 e7 e8 18 1c 28
0x000000010dbb22b7:   00 4c 89 f7 e8 60 99 18 00 48 8b 9b f0 00 00 00
0x000000010dbb22c7:   4c 8b 73 08 48 8b 43 10 48 83 38 00 74 19 48 8b
0x000000010dbb22d7:   73 28 4c 89 f7 e8 6b 98 d4 ff 48 8b 7b 10 e8 2a
0x000000010dbb22e7:   97 d4 ff 48 8b 43 10 49 89 46 10 48 8b 43 18 49
0x000000010dbb22f7:   89 46 18 48 8b 43 20 49 89 46 20 48 8d bd 40 ff
0x000000010dbb2307:   ff ff e8 42 6f ed ff 48 8b 05 6b ce 4f 00 48 8b
0x000000010dbb2317:   00 48 3b 45 d0 75 12 48 81 c4 c8 00 00 00 5b 41
0x000000010dbb2327:   5c 41 5d 41 5e 41 5f 5d c3 e8 45 fd 43 00 90 55
0x000000010dbb2337:   48 89 e5 41 56 53 48 83 ec 30 48 89 fb 48 89 7d
0x000000010dbb2347:   e8 c7 87 c0 03 00 00 06 00 00 00 48 8b 87 78 02
0x000000010dbb2357:   00 00 48 89 45 c0 0f 10 40 10 0f 11 45 c8 0f 10 


Stack slot to memory mapping:
stack at sp + 0 slots: 0x0000005fb2a10039 is an unknown value
stack at sp + 1 slots: 0x00007f93e9d76460 points into unknown readable memory: 0x0000000000000002 | 02 00 00 00 00 00 00 00
stack at sp + 2 slots: 0x00007f93e9d72de0 points into unknown readable memory: 0x0000000000000000 | 00 00 00 00 00 00 00 00
stack at sp + 3 slots: 0x00007f93e9d72df0 points into unknown readable memory: 0x000000010e172a50 | 50 2a 17 0e 01 00 00 00
stack at sp + 4 slots: 0x00007f93e9d731c8 points into unknown readable memory: 0x0000000000000000 | 00 00 00 00 00 00 00 00
stack at sp + 5 slots: 0x00000000000003d8 is an unknown value
stack at sp + 6 slots: 0x00007f944b3d0800 is a thread
stack at sp + 7 slots: 0x000000010e175578: _ZTV12stringStream+0x10 in /Library/Java/JavaVirtualMachines/temurin-11.jdk/Contents/Home/lib/server/libjvm.dylib at 0x000000010d800000


---------------  P R O C E S S  ---------------

Threads class SMR info:
_java_thread_list=0x00007f9429c0b890, length=24, elements={
0x00007f944a809000, 0x00007f944a825800, 0x00007f944a828800, 0x00007f944a81c800,
0x00007f944a833000, 0x00007f944a846800, 0x00007f944a847800, 0x00007f944a848000,
0x00007f944b039000, 0x00007f944a90a000, 0x00007f944a906800, 0x00007f944a216000,
0x00007f944a218000, 0x00007f944a82a800, 0x00007f944ab3d000, 0x00007f944b081000,
0x00007f944b370000, 0x00007f944a26b800, 0x00007f944a290800, 0x00007f944a262800,
0x00007f944a26e800, 0x00007f942b00c000, 0x00007f944a2c3000, 0x00007f944b3d0800
}

Java Threads: ( => current thread )
  0x00007f944a809000 JavaThread "main" [_thread_blocked, id=8707, stack(0x0000000305f75000,0x0000000306075000)]
  0x00007f944a825800 JavaThread "Reference Handler" daemon [_thread_blocked, id=18691, stack(0x000000030627e000,0x000000030637e000)]
  0x00007f944a828800 JavaThread "Finalizer" daemon [_thread_blocked, id=18179, stack(0x0000000306381000,0x0000000306481000)]
  0x00007f944a81c800 JavaThread "Signal Dispatcher" daemon [_thread_blocked, id=21763, stack(0x0000000306593000,0x0000000306693000)]
  0x00007f944a833000 JavaThread "Service Thread" daemon [_thread_blocked, id=22531, stack(0x0000000306696000,0x0000000306796000)]
  0x00007f944a846800 JavaThread "C2 CompilerThread0" daemon [_thread_in_native, id=23043, stack(0x0000000306799000,0x0000000306899000)]
  0x00007f944a847800 JavaThread "C1 CompilerThread0" daemon [_thread_blocked, id=23811, stack(0x000000030689c000,0x000000030699c000)]
  0x00007f944a848000 JavaThread "Sweeper thread" daemon [_thread_blocked, id=42755, stack(0x000000030699f000,0x0000000306a9f000)]
  0x00007f944b039000 JavaThread "Common-Cleaner" daemon [_thread_blocked, id=42243, stack(0x0000000306aa2000,0x0000000306ba2000)]
  0x00007f944a90a000 JavaThread "process reaper" daemon [_thread_blocked, id=40707, stack(0x0000000306ca8000,0x0000000306ccc000)]
  0x00007f944a906800 JavaThread "Active Thread: Equinox Container: 859b7576-6473-4ff6-a2ef-27ca540a8ee0" [_thread_blocked, id=39683, stack(0x0000000306ccf000,0x0000000306dcf000)]
  0x00007f944a216000 JavaThread "Framework Event Dispatcher: Equinox Container: 859b7576-6473-4ff6-a2ef-27ca540a8ee0" daemon [_thread_blocked, id=26627, stack(0x0000000306dd2000,0x0000000306ed2000)]
  0x00007f944a218000 JavaThread "Start Level: Equinox Container: 859b7576-6473-4ff6-a2ef-27ca540a8ee0" daemon [_thread_blocked, id=38403, stack(0x0000000306ed5000,0x0000000306fd5000)]
  0x00007f944a82a800 JavaThread "SCR Component Actor" daemon [_thread_blocked, id=34059, stack(0x0000000306fd8000,0x00000003070d8000)]
  0x00007f944ab3d000 JavaThread "Timer-0" daemon [_thread_blocked, id=47443, stack(0x00000003073e4000,0x00000003074e4000)]
  0x00007f944b081000 JavaThread "Worker-JM" [_thread_blocked, id=47875, stack(0x00000003074e7000,0x00000003075e7000)]
  0x00007f944b370000 JavaThread "Worker-0" [_thread_blocked, id=82179, stack(0x00000003075ea000,0x00000003076ea000)]
  0x00007f944a26b800 JavaThread "Worker-1" [_thread_blocked, id=80131, stack(0x0000000307af9000,0x0000000307bf9000)]
  0x00007f944a290800 JavaThread "Worker-2" [_thread_blocked, id=78851, stack(0x0000000307cff000,0x0000000307dff000)]
  0x00007f944a262800 JavaThread "pool-2-thread-1" [_thread_blocked, id=79903, stack(0x0000000307bfc000,0x0000000307cfc000)]
  0x00007f944a26e800 JavaThread "pool-1-thread-1" [_thread_in_native, id=78083, stack(0x0000000307e02000,0x0000000307f02000)]
  0x00007f942b00c000 JavaThread "Worker-3" [_thread_blocked, id=76823, stack(0x0000000307f05000,0x0000000308005000)]
  0x00007f944a2c3000 JavaThread "ForkJoinPool.commonPool-worker-3" daemon [_thread_in_Java, id=53847, stack(0x0000000308008000,0x0000000308108000)]
=>0x00007f944b3d0800 JavaThread "ForkJoinPool.commonPool-worker-5" daemon [_thread_in_vm, id=52487, stack(0x000000030810b000,0x000000030820b000)]

Other Threads:
  0x00007f944a81e000 VMThread "VM Thread" [stack: 0x000000030617b000,0x000000030627b000] [id=13571]
  0x00007f944a8b4000 WatcherThread [stack: 0x0000000306ba5000,0x0000000306ca5000] [id=25667]
  0x00007f944b00e000 GCTaskThread "ParGC Thread#0" [stack: 0x0000000306078000,0x0000000306178000] [id=19727]
  0x00007f944ab2c800 GCTaskThread "ParGC Thread#1" [stack: 0x00000003070db000,0x00000003071db000] [id=45867]
  0x00007f944ab32800 GCTaskThread "ParGC Thread#2" [stack: 0x00000003071de000,0x00000003072de000] [id=46087]
  0x00007f944ab33800 GCTaskThread "ParGC Thread#3" [stack: 0x00000003072e1000,0x00000003073e1000] [id=46339]
  0x00007f944ab5f800 GCTaskThread "ParGC Thread#4" [stack: 0x00000003076ed000,0x00000003077ed000] [id=49071]
  0x00007f944ab8c000 GCTaskThread "ParGC Thread#5" [stack: 0x00000003077f0000,0x00000003078f0000] [id=81667]
  0x00007f944ab8c800 GCTaskThread "ParGC Thread#6" [stack: 0x00000003078f3000,0x00000003079f3000] [id=49411]
  0x00007f944ab8d800 GCTaskThread "ParGC Thread#7" [stack: 0x00000003079f6000,0x0000000307af6000] [id=81155]

Threads with active compile tasks:
C2 CompilerThread0   4348 3016       4       org.eclipse.jdt.internal.compiler.util.JrtFileSystem$2::visitFile (72 bytes)

VM state:not at safepoint (normal execution)

VM Mutex/Monitor currently owned by a thread: None

Heap address: 0x00000007c0000000, size: 1024 MB, Compressed Oops mode: Zero based, Oop shift amount: 3
Narrow klass base: 0x0000000800000000, Narrow klass shift: 0
Compressed class space size: 1073741824 Address: 0x0000000800000000

Heap:
 PSYoungGen      total 24064K, used 210K [0x00000007eab00000, 0x00000007ecb80000, 0x0000000800000000)
  eden space 23040K, 0% used [0x00000007eab00000,0x00000007eab34b10,0x00000007ec180000)
  from space 1024K, 0% used [0x00000007ec500000,0x00000007ec500000,0x00000007ec600000)
  to   space 2048K, 0% used [0x00000007ec980000,0x00000007ec980000,0x00000007ecb80000)
 ParOldGen       total 68608K, used 22388K [0x00000007c0000000, 0x00000007c4300000, 0x00000007eab00000)
  object space 68608K, 32% used [0x00000007c0000000,0x00000007c15dd150,0x00000007c4300000)
 Metaspace       used 33243K, capacity 35283K, committed 35672K, reserved 1081344K
  class space    used 3162K, capacity 3898K, committed 3968K, reserved 1048576K

Card table byte_map: [0x0000000127192000,0x0000000127393000] _byte_map_base: 0x0000000123392000

Marking Bits: (ParMarkBitMap*) 0x000000010e1de060
 Begin Bits: [0x00000001274e9000, 0x00000001284e9000)
 End Bits:   [0x00000001284e9000, 0x00000001294e9000)

Polling page: 0x0000000100ea4000

Metaspace:

Usage:
  Non-class:     30.65 MB capacity,    29.38 MB ( 96%) used,     1.20 MB (  4%) free+waste,    74.38 KB ( <1%) overhead. 
      Class:      3.81 MB capacity,     3.09 MB ( 81%) used,   699.14 KB ( 18%) free+waste,    36.06 KB ( <1%) overhead. 
       Both:     34.46 MB capacity,    32.46 MB ( 94%) used,     1.88 MB (  5%) free+waste,   110.44 KB ( <1%) overhead. 

Virtual space:
  Non-class space:       32.00 MB reserved,      30.96 MB ( 97%) committed 
      Class space:        1.00 GB reserved,       3.88 MB ( <1%) committed 
             Both:        1.03 GB reserved,      34.84 MB (  3%) committed 

Chunk freelists:
   Non-Class:  111.00 KB
       Class:  6.00 KB
        Both:  117.00 KB

MaxMetaspaceSize: unlimited
CompressedClassSpaceSize: 1.00 GB
Initial GC threshold: 20.80 MB
Current GC threshold: 57.64 MB
CDS: off

CodeHeap 'non-profiled nmethods': size=120032Kb used=1389Kb max_used=1389Kb free=118642Kb
 bounds [0x000000011fc5a000, 0x000000011feca000, 0x0000000127192000]
CodeHeap 'profiled nmethods': size=120028Kb used=6792Kb max_used=6792Kb free=113235Kb
 bounds [0x0000000118723000, 0x0000000118dd3000, 0x000000011fc5a000]
CodeHeap 'non-nmethods': size=5700Kb used=1259Kb max_used=1279Kb free=4440Kb
 bounds [0x0000000118192000, 0x0000000118402000, 0x0000000118723000]
 total_blobs=3775 nmethods=3232 adapters=459
 compilation: enabled
              stopped_count=0, restarted_count=0
 full_count=0

Compilation events (20 events):
Event: 4.238 Thread 0x00007f944a847800 3249       3       sun.util.ResourceBundleEnumeration::hasMoreElements (117 bytes)
Event: 4.239 Thread 0x00007f944a847800 nmethod 3249 0x0000000118dc1c10 code [0x0000000118dc1e40, 0x0000000118dc28a0]
Event: 4.239 Thread 0x00007f944a847800 3250       3       java.util.PropertyResourceBundle::handleGetObject (23 bytes)
Event: 4.239 Thread 0x00007f944a847800 nmethod 3250 0x0000000118dc2a90 code [0x0000000118dc2c60, 0x0000000118dc2f30]
Event: 4.239 Thread 0x00007f944a847800 3248       3       java.util.ResourceBundle::getString (9 bytes)
Event: 4.240 Thread 0x00007f944a847800 nmethod 3248 0x0000000118dc3010 code [0x0000000118dc31e0, 0x0000000118dc3400]
Event: 4.240 Thread 0x00007f944a847800 3251       3       sun.util.ResourceBundleEnumeration::nextElement (5 bytes)
Event: 4.240 Thread 0x00007f944a846800 nmethod 3015 0x000000011fdac890 code [0x000000011fdacc80, 0x000000011fdaf6b0]
Event: 4.240 Thread 0x00007f944a846800 3246 %     4       java.util.Properties$LineReader::readLine @ 53 (635 bytes)
Event: 4.240 Thread 0x00007f944a847800 nmethod 3251 0x0000000118dc3490 code [0x0000000118dc3660, 0x0000000118dc38d0]
Event: 4.240 Thread 0x00007f944a847800 3253       3       sun.util.ResourceBundleEnumeration::nextElement (27 bytes)
Event: 4.241 Thread 0x00007f944a847800 nmethod 3253 0x0000000118dc3a10 code [0x0000000118dc3be0, 0x0000000118dc3df0]
Event: 4.241 Thread 0x00007f944a847800 3254       3       org.eclipse.jdt.internal.compiler.problem.DefaultProblemFactory::keyFromID (4 bytes)
Event: 4.241 Thread 0x00007f944a847800 nmethod 3254 0x0000000118dc3f10 code [0x0000000118dc40c0, 0x0000000118dc4190]
Event: 4.325 Thread 0x00007f944a846800 nmethod 3246% 0x000000011fdb1110 code [0x000000011fdb1340, 0x000000011fdb2728]
Event: 4.325 Thread 0x00007f944a846800 3245 %     4       sun.nio.cs.UTF_8$Decoder::decodeArrayLoop @ 73 (691 bytes)
Event: 4.325 Thread 0x00007f944a847800 3256       3       org.eclipse.jdt.internal.compiler.parser.Parser::tAction (35 bytes)
Event: 4.326 Thread 0x00007f944a847800 nmethod 3256 0x0000000118dc4210 code [0x0000000118dc43e0, 0x0000000118dc45b0]
Event: 4.326 Thread 0x00007f944a847800 3257       3       org.eclipse.jdt.internal.compiler.parser.Parser::actFromTokenOrSynthetic (9 bytes)
Event: 4.326 Thread 0x00007f944a847800 nmethod 3257 0x0000000118dc4710 code [0x0000000118dc48e0, 0x0000000118dc4b30]

GC Heap History (20 events):
Event: 2.716 GC heap before
{Heap before GC invocations=4 (full 1):
 PSYoungGen      total 29696K, used 25600K [0x00000007eab00000, 0x00000007ecc00000, 0x0000000800000000)
  eden space 25600K, 100% used [0x00000007eab00000,0x00000007ec400000,0x00000007ec400000)
  from space 4096K, 0% used [0x00000007ec800000,0x00000007ec800000,0x00000007ecc00000)
  to   space 4096K, 0% used [0x00000007ec400000,0x00000007ec400000,0x00000007ec800000)
 ParOldGen       total 68608K, used 6378K [0x00000007c0000000, 0x00000007c4300000, 0x00000007eab00000)
  object space 68608K, 9% used [0x00000007c0000000,0x00000007c063aab8,0x00000007c4300000)
 Metaspace       used 27114K, capacity 28769K, committed 29056K, reserved 1075200K
  class space    used 2604K, capacity 3153K, committed 3200K, reserved 1048576K
}
Event: 2.720 GC heap after
{Heap after GC invocations=4 (full 1):
 PSYoungGen      total 29696K, used 2508K [0x00000007eab00000, 0x00000007ecc00000, 0x0000000800000000)
  eden space 25600K, 0% used [0x00000007eab00000,0x00000007eab00000,0x00000007ec400000)
  from space 4096K, 61% used [0x00000007ec400000,0x00000007ec673260,0x00000007ec800000)
  to   space 4096K, 0% used [0x00000007ec800000,0x00000007ec800000,0x00000007ecc00000)
 ParOldGen       total 68608K, used 6378K [0x00000007c0000000, 0x00000007c4300000, 0x00000007eab00000)
  object space 68608K, 9% used [0x00000007c0000000,0x00000007c063aab8,0x00000007c4300000)
 Metaspace       used 27114K, capacity 28769K, committed 29056K, reserved 1075200K
  class space    used 2604K, capacity 3153K, committed 3200K, reserved 1048576K
}
Event: 3.404 GC heap before
{Heap before GC invocations=5 (full 1):
 PSYoungGen      total 29696K, used 28108K [0x00000007eab00000, 0x00000007ecc00000, 0x0000000800000000)
  eden space 25600K, 100% used [0x00000007eab00000,0x00000007ec400000,0x00000007ec400000)
  from space 4096K, 61% used [0x00000007ec400000,0x00000007ec673260,0x00000007ec800000)
  to   space 4096K, 0% used [0x00000007ec800000,0x00000007ec800000,0x00000007ecc00000)
 ParOldGen       total 68608K, used 6378K [0x00000007c0000000, 0x00000007c4300000, 0x00000007eab00000)
  object space 68608K, 9% used [0x00000007c0000000,0x00000007c063aab8,0x00000007c4300000)
 Metaspace       used 30739K, capacity 32558K, committed 32896K, reserved 1079296K
  class space    used 2978K, capacity 3648K, committed 3712K, reserved 1048576K
}
Event: 3.417 GC heap after
{Heap after GC invocations=5 (full 1):
 PSYoungGen      total 29696K, used 4075K [0x00000007eab00000, 0x00000007ecc00000, 0x0000000800000000)
  eden space 25600K, 0% used [0x00000007eab00000,0x00000007eab00000,0x00000007ec400000)
  from space 4096K, 99% used [0x00000007ec800000,0x00000007ecbfad30,0x00000007ecc00000)
  to   space 4096K, 0% used [0x00000007ec400000,0x00000007ec400000,0x00000007ec800000)
 ParOldGen       total 68608K, used 6789K [0x00000007c0000000, 0x00000007c4300000, 0x00000007eab00000)
  object space 68608K, 9% used [0x00000007c0000000,0x00000007c06a16f8,0x00000007c4300000)
 Metaspace       used 30739K, capacity 32558K, committed 32896K, reserved 1079296K
  class space    used 2978K, capacity 3648K, committed 3712K, reserved 1048576K
}
Event: 3.515 GC heap before
{Heap before GC invocations=6 (full 1):
 PSYoungGen      total 29696K, used 29675K [0x00000007eab00000, 0x00000007ecc00000, 0x0000000800000000)
  eden space 25600K, 100% used [0x00000007eab00000,0x00000007ec400000,0x00000007ec400000)
  from space 4096K, 99% used [0x00000007ec800000,0x00000007ecbfad30,0x00000007ecc00000)
  to   space 4096K, 0% used [0x00000007ec400000,0x00000007ec400000,0x00000007ec800000)
 ParOldGen       total 68608K, used 6789K [0x00000007c0000000, 0x00000007c4300000, 0x00000007eab00000)
  object space 68608K, 9% used [0x00000007c0000000,0x00000007c06a16f8,0x00000007c4300000)
 Metaspace       used 30819K, capacity 32623K, committed 32896K, reserved 1079296K
  class space    used 2982K, capacity 3648K, committed 3712K, reserved 1048576K
}
Event: 3.525 GC heap after
{Heap after GC invocations=6 (full 1):
 PSYoungGen      total 29184K, used 4091K [0x00000007eab00000, 0x00000007ed180000, 0x0000000800000000)
  eden space 25088K, 0% used [0x00000007eab00000,0x00000007eab00000,0x00000007ec380000)
  from space 4096K, 99% used [0x00000007ec400000,0x00000007ec7fed30,0x00000007ec800000)
  to   space 7168K, 0% used [0x00000007eca80000,0x00000007eca80000,0x00000007ed180000)
 ParOldGen       total 68608K, used 9061K [0x00000007c0000000, 0x00000007c4300000, 0x00000007eab00000)
  object space 68608K, 13% used [0x00000007c0000000,0x00000007c08d9708,0x00000007c4300000)
 Metaspace       used 30819K, capacity 32623K, committed 32896K, reserved 1079296K
  class space    used 2982K, capacity 3648K, committed 3712K, reserved 1048576K
}
Event: 3.609 GC heap before
{Heap before GC invocations=7 (full 1):
 PSYoungGen      total 29184K, used 29179K [0x00000007eab00000, 0x00000007ed180000, 0x0000000800000000)
  eden space 25088K, 100% used [0x00000007eab00000,0x00000007ec380000,0x00000007ec380000)
  from space 4096K, 99% used [0x00000007ec400000,0x00000007ec7fed30,0x00000007ec800000)
  to   space 7168K, 0% used [0x00000007eca80000,0x00000007eca80000,0x00000007ed180000)
 ParOldGen       total 68608K, used 9061K [0x00000007c0000000, 0x00000007c4300000, 0x00000007eab00000)
  object space 68608K, 13% used [0x00000007c0000000,0x00000007c08d9708,0x00000007c4300000)
 Metaspace       used 30920K, capacity 32751K, committed 33152K, reserved 1079296K
  class space    used 2986K, capacity 3648K, committed 3712K, reserved 1048576K
}
Event: 3.619 GC heap after
{Heap after GC invocations=7 (full 1):
 PSYoungGen      total 31232K, used 6542K [0x00000007eab00000, 0x00000007ed100000, 0x0000000800000000)
  eden space 24576K, 0% used [0x00000007eab00000,0x00000007eab00000,0x00000007ec300000)
  from space 6656K, 98% used [0x00000007eca80000,0x00000007ed0e3848,0x00000007ed100000)
  to   space 7168K, 0% used [0x00000007ec300000,0x00000007ec300000,0x00000007eca00000)
 ParOldGen       total 68608K, used 9061K [0x00000007c0000000, 0x00000007c4300000, 0x00000007eab00000)
  object space 68608K, 13% used [0x00000007c0000000,0x00000007c08d9708,0x00000007c4300000)
 Metaspace       used 30920K, capacity 32751K, committed 33152K, reserved 1079296K
  class space    used 2986K, capacity 3648K, committed 3712K, reserved 1048576K
}
Event: 3.681 GC heap before
{Heap before GC invocations=8 (full 1):
 PSYoungGen      total 31232K, used 31118K [0x00000007eab00000, 0x00000007ed100000, 0x0000000800000000)
  eden space 24576K, 100% used [0x00000007eab00000,0x00000007ec300000,0x00000007ec300000)
  from space 6656K, 98% used [0x00000007eca80000,0x00000007ed0e3848,0x00000007ed100000)
  to   space 7168K, 0% used [0x00000007ec300000,0x00000007ec300000,0x00000007eca00000)
 ParOldGen       total 68608K, used 9061K [0x00000007c0000000, 0x00000007c4300000, 0x00000007eab00000)
  object space 68608K, 13% used [0x00000007c0000000,0x00000007c08d9708,0x00000007c4300000)
 Metaspace       used 31000K, capacity 32847K, committed 33152K, reserved 1079296K
  class space    used 2994K, capacity 3680K, committed 3712K, reserved 1048576K
}
Event: 3.691 GC heap after
{Heap after GC invocations=8 (full 1):
 PSYoungGen      total 31232K, used 7147K [0x00000007eab00000, 0x00000007ed680000, 0x0000000800000000)
  eden space 24064K, 0% used [0x00000007eab00000,0x00000007eab00000,0x00000007ec280000)
  from space 7168K, 99% used [0x00000007ec300000,0x00000007ec9fad20,0x00000007eca00000)
  to   space 10240K, 0% used [0x00000007ecc80000,0x00000007ecc80000,0x00000007ed680000)
 ParOldGen       total 68608K, used 11178K [0x00000007c0000000, 0x00000007c4300000, 0x00000007eab00000)
  object space 68608K, 16% used [0x00000007c0000000,0x00000007c0aeab80,0x00000007c4300000)
 Metaspace       used 31000K, capacity 32847K, committed 33152K, reserved 1079296K
  class space    used 2994K, capacity 3680K, committed 3712K, reserved 1048576K
}
Event: 3.746 GC heap before
{Heap before GC invocations=9 (full 1):
 PSYoungGen      total 31232K, used 31211K [0x00000007eab00000, 0x00000007ed680000, 0x0000000800000000)
  eden space 24064K, 100% used [0x00000007eab00000,0x00000007ec280000,0x00000007ec280000)
  from space 7168K, 99% used [0x00000007ec300000,0x00000007ec9fad20,0x00000007eca00000)
  to   space 10240K, 0% used [0x00000007ecc80000,0x00000007ecc80000,0x00000007ed680000)
 ParOldGen       total 68608K, used 11178K [0x00000007c0000000, 0x00000007c4300000, 0x00000007eab00000)
  object space 68608K, 16% used [0x00000007c0000000,0x00000007c0aeab80,0x00000007c4300000)
 Metaspace       used 31000K, capacity 32847K, committed 33152K, reserved 1079296K
  class space    used 2994K, capacity 3680K, committed 3712K, reserved 1048576K
}
Event: 3.755 GC heap after
{Heap after GC invocations=9 (full 1):
 PSYoungGen      total 31232K, used 7250K [0x00000007eab00000, 0x00000007ed400000, 0x0000000800000000)
  eden space 23552K, 0% used [0x00000007eab00000,0x00000007eab00000,0x00000007ec200000)
  from space 7680K, 94% used [0x00000007ecc80000,0x00000007ed394b28,0x00000007ed400000)
  to   space 8192K, 0% used [0x00000007ec400000,0x00000007ec400000,0x00000007ecc00000)
 ParOldGen       total 68608K, used 13701K [0x00000007c0000000, 0x00000007c4300000, 0x00000007eab00000)
  object space 68608K, 19% used [0x00000007c0000000,0x00000007c0d61480,0x00000007c4300000)
 Metaspace       used 31000K, capacity 32847K, committed 33152K, reserved 1079296K
  class space    used 2994K, capacity 3680K, committed 3712K, reserved 1048576K
}
Event: 3.834 GC heap before
{Heap before GC invocations=10 (full 1):
 PSYoungGen      total 31232K, used 30802K [0x00000007eab00000, 0x00000007ed400000, 0x0000000800000000)
  eden space 23552K, 100% used [0x00000007eab00000,0x00000007ec200000,0x00000007ec200000)
  from space 7680K, 94% used [0x00000007ecc80000,0x00000007ed394b28,0x00000007ed400000)
  to   space 8192K, 0% used [0x00000007ec400000,0x00000007ec400000,0x00000007ecc00000)
 ParOldGen       total 68608K, used 13701K [0x00000007c0000000, 0x00000007c4300000, 0x00000007eab00000)
  object space 68608K, 19% used [0x00000007c0000000,0x00000007c0d61480,0x00000007c4300000)
 Metaspace       used 31097K, capacity 32986K, committed 33152K, reserved 1079296K
  class space    used 2999K, capacity 3683K, committed 3712K, reserved 1048576K
}
Event: 3.839 GC heap after
{Heap after GC invocations=10 (full 1):
 PSYoungGen      total 30208K, used 7136K [0x00000007eab00000, 0x00000007ed080000, 0x0000000800000000)
  eden space 23040K, 0% used [0x00000007eab00000,0x00000007eab00000,0x00000007ec180000)
  from space 7168K, 99% used [0x00000007ec400000,0x00000007ecaf8010,0x00000007ecb00000)
  to   space 5632K, 0% used [0x00000007ecb00000,0x00000007ecb00000,0x00000007ed080000)
 ParOldGen       total 68608K, used 16427K [0x00000007c0000000, 0x00000007c4300000, 0x00000007eab00000)
  object space 68608K, 23% used [0x00000007c0000000,0x00000007c100afd8,0x00000007c4300000)
 Metaspace       used 31097K, capacity 32986K, committed 33152K, reserved 1079296K
  class space    used 2999K, capacity 3683K, committed 3712K, reserved 1048576K
}
Event: 4.171 GC heap before
{Heap before GC invocations=11 (full 1):
 PSYoungGen      total 30208K, used 29976K [0x00000007eab00000, 0x00000007ed080000, 0x0000000800000000)
  eden space 23040K, 99% used [0x00000007eab00000,0x00000007ec14e2a0,0x00000007ec180000)
  from space 7168K, 99% used [0x00000007ec400000,0x00000007ecaf8010,0x00000007ecb00000)
  to   space 5632K, 0% used [0x00000007ecb00000,0x00000007ecb00000,0x00000007ed080000)
 ParOldGen       total 68608K, used 16669K [0x00000007c0000000, 0x00000007c4300000, 0x00000007eab00000)
  object space 68608K, 24% used [0x00000007c0000000,0x00000007c1047678,0x00000007c4300000)
 Metaspace       used 31988K, capacity 34041K, committed 34304K, reserved 1079296K
  class space    used 3077K, capacity 3804K, committed 3840K, reserved 1048576K
}
Event: 4.176 GC heap after
{Heap after GC invocations=11 (full 1):
 PSYoungGen      total 27136K, used 3590K [0x00000007eab00000, 0x00000007ecf00000, 0x0000000800000000)
  eden space 23040K, 0% used [0x00000007eab00000,0x00000007eab00000,0x00000007ec180000)
  from space 4096K, 87% used [0x00000007ecb00000,0x00000007ece81ac0,0x00000007ecf00000)
  to   space 5120K, 0% used [0x00000007ec500000,0x00000007ec500000,0x00000007eca00000)
 ParOldGen       total 68608K, used 21155K [0x00000007c0000000, 0x00000007c4300000, 0x00000007eab00000)
  object space 68608K, 30% used [0x00000007c0000000,0x00000007c14a8fb0,0x00000007c4300000)
 Metaspace       used 31988K, capacity 34041K, committed 34304K, reserved 1079296K
  class space    used 3077K, capacity 3804K, committed 3840K, reserved 1048576K
}
Event: 4.253 GC heap before
{Heap before GC invocations=12 (full 1):
 PSYoungGen      total 27136K, used 7928K [0x00000007eab00000, 0x00000007ecf00000, 0x0000000800000000)
  eden space 23040K, 18% used [0x00000007eab00000,0x00000007eaf3c6e0,0x00000007ec180000)
  from space 4096K, 87% used [0x00000007ecb00000,0x00000007ece81ac0,0x00000007ecf00000)
  to   space 5120K, 0% used [0x00000007ec500000,0x00000007ec500000,0x00000007eca00000)
 ParOldGen       total 68608K, used 21155K [0x00000007c0000000, 0x00000007c4300000, 0x00000007eab00000)
  object space 68608K, 30% used [0x00000007c0000000,0x00000007c14a8fb0,0x00000007c4300000)
 Metaspace       used 33231K, capacity 35225K, committed 35416K, reserved 1081344K
  class space    used 3160K, capacity 3900K, committed 3968K, reserved 1048576K
}
Event: 4.257 GC heap after
{Heap after GC invocations=12 (full 1):
 PSYoungGen      total 24064K, used 677K [0x00000007eab00000, 0x00000007ecb80000, 0x0000000800000000)
  eden space 23040K, 0% used [0x00000007eab00000,0x00000007eab00000,0x00000007ec180000)
  from space 1024K, 66% used [0x00000007ec500000,0x00000007ec5a9450,0x00000007ec600000)
  to   space 2048K, 0% used [0x00000007ec980000,0x00000007ec980000,0x00000007ecb80000)
 ParOldGen       total 68608K, used 24355K [0x00000007c0000000, 0x00000007c4300000, 0x00000007eab00000)
  object space 68608K, 35% used [0x00000007c0000000,0x00000007c17c8d30,0x00000007c4300000)
 Metaspace       used 33231K, capacity 35225K, committed 35416K, reserved 1081344K
  class space    used 3160K, capacity 3900K, committed 3968K, reserved 1048576K
}
Event: 4.257 GC heap before
{Heap before GC invocations=13 (full 2):
 PSYoungGen      total 24064K, used 677K [0x00000007eab00000, 0x00000007ecb80000, 0x0000000800000000)
  eden space 23040K, 0% used [0x00000007eab00000,0x00000007eab00000,0x00000007ec180000)
  from space 1024K, 66% used [0x00000007ec500000,0x00000007ec5a9450,0x00000007ec600000)
  to   space 2048K, 0% used [0x00000007ec980000,0x00000007ec980000,0x00000007ecb80000)
 ParOldGen       total 68608K, used 24355K [0x00000007c0000000, 0x00000007c4300000, 0x00000007eab00000)
  object space 68608K, 35% used [0x00000007c0000000,0x00000007c17c8d30,0x00000007c4300000)
 Metaspace       used 33231K, capacity 35225K, committed 35416K, reserved 1081344K
  class space    used 3160K, capacity 3900K, committed 3968K, reserved 1048576K
}
Event: 4.324 GC heap after
{Heap after GC invocations=13 (full 2):
 PSYoungGen      total 24064K, used 0K [0x00000007eab00000, 0x00000007ecb80000, 0x0000000800000000)
  eden space 23040K, 0% used [0x00000007eab00000,0x00000007eab00000,0x00000007ec180000)
  from space 1024K, 0% used [0x00000007ec500000,0x00000007ec500000,0x00000007ec600000)
  to   space 2048K, 0% used [0x00000007ec980000,0x00000007ec980000,0x00000007ecb80000)
 ParOldGen       total 68608K, used 22388K [0x00000007c0000000, 0x00000007c4300000, 0x00000007eab00000)
  object space 68608K, 32% used [0x00000007c0000000,0x00000007c15dd150,0x00000007c4300000)
 Metaspace       used 33227K, capacity 35219K, committed 35416K, reserved 1081344K
  class space    used 3159K, capacity 3898K, committed 3968K, reserved 1048576K
}

Deoptimization events (20 events):
Event: 4.032 Thread 0x00007f944a2c3000 DEOPT UNPACKING pc=0x00000001181dbe9f sp=0x0000000308105ad0 mode 2
Event: 4.032 Thread 0x00007f944b3d0800 DEOPT UNPACKING pc=0x00000001181dbe9f sp=0x0000000308208ad0 mode 2
Event: 4.211 Thread 0x00007f944b3d0800 Uncommon trap: trap_request=0xffffff4d fr.pc=0x000000011fd28ebc relative=0x0000000000000fbc
Event: 4.211 Thread 0x00007f944b3d0800 Uncommon trap: reason=unstable_if action=reinterpret pc=0x000000011fd28ebc method=java.util.Properties$LineReader.readLine()I @ 486 c2
Event: 4.211 Thread 0x00007f944b3d0800 DEOPT PACKING pc=0x000000011fd28ebc sp=0x00000003082094e0
Event: 4.211 Thread 0x00007f944b3d0800 DEOPT UNPACKING pc=0x00000001181dbe9f sp=0x0000000308209488 mode 2
Event: 4.212 Thread 0x00007f944b3d0800 Uncommon trap: trap_request=0xffffff7e fr.pc=0x000000011fcf3c14 relative=0x0000000000000df4
Event: 4.212 Thread 0x00007f944b3d0800 Uncommon trap: reason=predicate action=maybe_recompile pc=0x000000011fcf3c14 method=java.util.Properties$LineReader.readLine()I @ 53 c2
Event: 4.213 Thread 0x00007f944b3d0800 DEOPT PACKING pc=0x000000011fcf3c14 sp=0x00000003082094f0
Event: 4.213 Thread 0x00007f944b3d0800 DEOPT UNPACKING pc=0x00000001181dbe9f sp=0x00000003082094a0 mode 2
Event: 4.234 Thread 0x00007f944a2c3000 Uncommon trap: trap_request=0xffffffde fr.pc=0x000000011fce94b0 relative=0x0000000000000bf0
Event: 4.234 Thread 0x00007f944a2c3000 Uncommon trap: reason=class_check action=maybe_recompile pc=0x000000011fce94b0 method=java.util.concurrent.ConcurrentHashMap.putVal(Ljava/lang/Object;Ljava/lang/Object;Z)Ljava/lang/Object; @ 242 c2
Event: 4.234 Thread 0x00007f944a2c3000 DEOPT PACKING pc=0x000000011fce94b0 sp=0x0000000308106760
Event: 4.234 Thread 0x00007f944a2c3000 DEOPT UNPACKING pc=0x00000001181dbe9f sp=0x00000003081066e0 mode 2
Event: 4.236 Thread 0x00007f944a2c3000 Uncommon trap: trap_request=0xffffffde fr.pc=0x000000011fce93a0 relative=0x0000000000000ae0
Event: 4.236 Thread 0x00007f944a2c3000 Uncommon trap: reason=class_check action=maybe_recompile pc=0x000000011fce93a0 method=java.util.concurrent.ConcurrentHashMap.putVal(Ljava/lang/Object;Ljava/lang/Object;Z)Ljava/lang/Object; @ 159 c2
Event: 4.236 Thread 0x00007f944a2c3000 DEOPT PACKING pc=0x000000011fce93a0 sp=0x0000000308106820
Event: 4.236 Thread 0x00007f944a2c3000 DEOPT UNPACKING pc=0x00000001181dbe9f sp=0x00000003081067b0 mode 2
Event: 4.243 Thread 0x00007f944b3d0800 DEOPT PACKING pc=0x0000000118c076cf sp=0x00000003082087a0
Event: 4.243 Thread 0x00007f944b3d0800 DEOPT UNPACKING pc=0x00000001181dc62b sp=0x0000000308207c48 mode 0

Classes redefined (0 events):
No events

Internal exceptions (20 events):
Event: 3.077 Thread 0x00007f944b370000 Exception <a 'java/io/FileNotFoundException'{0x00000007eb2cdd10}> (0x00000007eb2cdd10) thrown at [./src/hotspot/share/prims/jni.cpp, line 615]
Event: 3.078 Thread 0x00007f944b370000 Exception <a 'java/io/FileNotFoundException'{0x00000007eb2d8980}> (0x00000007eb2d8980) thrown at [./src/hotspot/share/prims/jni.cpp, line 615]
Event: 3.078 Thread 0x00007f944b370000 Exception <a 'java/io/FileNotFoundException'{0x00000007eb2da0a0}> (0x00000007eb2da0a0) thrown at [./src/hotspot/share/prims/jni.cpp, line 615]
Event: 3.083 Thread 0x00007f944b370000 Exception <a 'sun/nio/fs/UnixException'{0x00000007eb2e0410}> (0x00000007eb2e0410) thrown at [./src/hotspot/share/prims/jni.cpp, line 615]
Event: 3.378 Thread 0x00007f944b370000 Exception <a 'java/io/FileNotFoundException'{0x00000007ec231ac8}> (0x00000007ec231ac8) thrown at [./src/hotspot/share/prims/jni.cpp, line 615]
Event: 3.380 Thread 0x00007f944b370000 Exception <a 'java/lang/NoSuchMethodError'{0x00000007ec23a7b0}: 'void java.lang.invoke.DirectMethodHandle$Holder.invokeStaticInit(java.lang.Object, java.lang.Object, java.lang.Object)'> (0x00000007ec23a7b0) thrown at [./src/hotspot/share/interpreter/linkResolver.cpp, line 773]
Event: 3.864 Thread 0x00007f944b370000 Exception <a 'java/lang/ClassNotFoundException'{0x00000007eabde5f0}: com/sun/org/apache/xerces/internal/impl/msg/spi/DOMMessagesProvider> (0x00000007eabde5f0) thrown at [./src/hotspot/share/classfile/systemDictionary.cpp, line 231]
Event: 3.867 Thread 0x00007f944b370000 Exception <a 'java/lang/ClassNotFoundException'{0x00000007eabeba58}: com/sun/org/apache/xerces/internal/impl/msg/spi/XMLSerializerMessagesProvider> (0x00000007eabeba58) thrown at [./src/hotspot/share/classfile/systemDictionary.cpp, line 231]
Event: 3.869 Thread 0x00007f944b370000 Exception <a 'java/lang/ClassNotFoundException'{0x00000007eabf6f20}: com/sun/org/apache/xerces/internal/impl/msg/spi/XMLMessagesProvider> (0x00000007eabf6f20) thrown at [./src/hotspot/share/classfile/systemDictionary.cpp, line 231]
Event: 3.875 Thread 0x00007f944b370000 Exception <a 'java/io/FileNotFoundException'{0x00000007eac3ac40}> (0x00000007eac3ac40) thrown at [./src/hotspot/share/prims/jni.cpp, line 615]
Event: 3.876 Thread 0x00007f944b370000 Exception <a 'java/io/FileNotFoundException'{0x00000007eac43ab8}> (0x00000007eac43ab8) thrown at [./src/hotspot/share/prims/jni.cpp, line 615]
Event: 3.878 Thread 0x00007f944b370000 Exception <a 'java/io/FileNotFoundException'{0x00000007eac504a0}> (0x00000007eac504a0) thrown at [./src/hotspot/share/prims/jni.cpp, line 615]
Event: 3.896 Thread 0x00007f944b370000 Exception <a 'java/io/FileNotFoundException'{0x00000007eac60b08}> (0x00000007eac60b08) thrown at [./src/hotspot/share/prims/jni.cpp, line 615]
Event: 3.896 Thread 0x00007f944b370000 Exception <a 'java/io/FileNotFoundException'{0x00000007eac61d28}> (0x00000007eac61d28) thrown at [./src/hotspot/share/prims/jni.cpp, line 615]
Event: 3.928 Thread 0x00007f944a26b800 Exception <a 'sun/nio/fs/UnixException'{0x00000007ead255a8}> (0x00000007ead255a8) thrown at [./src/hotspot/share/prims/jni.cpp, line 615]
Event: 3.958 Thread 0x00007f944a26b800 Exception <a 'java/lang/NoSuchMethodError'{0x00000007eade9960}: 'java.lang.Object java.lang.invoke.DirectMethodHandle$Holder.invokeSpecial(java.lang.Object, java.lang.Object, java.lang.Object, java.lang.Object, java.lang.Object, java.lang.Object, java.lang.Object, java.lang.Object, java.lang.Object)'> (0x00000007eade9960) thrown at [./src/hotspot/share/interpreter/linkResolver.cpp, line 773]
Event: 3.960 Thread 0x00007f944a26b800 Exception <a 'java/lang/NoSuchMethodError'{0x00000007eaded858}: 'java.lang.Object java.lang.invoke.Invokers$Holder.linkToTargetMethod(java.lang.Object, java.lang.Object, java.lang.Object, java.lang.Object, java.lang.Object, java.lang.Object, java.lang.Object, java.lang.Object)'> (0x00000007eaded858) thrown at [./src/hotspot/share/interpreter/linkResolver.cpp, line 773]
Event: 3.979 Thread 0x00007f944a2c3000 Exception <a 'java/lang/NoSuchMethodError'{0x00000007eae91a28}: 'java.lang.Object java.lang.invoke.DirectMethodHandle$Holder.invokeInterface(java.lang.Object, java.lang.Object, java.lang.Object)'> (0x00000007eae91a28) thrown at [./src/hotspot/share/interpreter/linkResolver.cpp, line 773]
Event: 4.212 Thread 0x00007f944b3d0800 Implicit null exception at 0x000000011fcf2f1f to 0x000000011fcf3bcc
Event: 4.326 Thread 0x00007f944a2c3000 Exception <a 'java/lang/ArrayIndexOutOfBoundsException'{0x00000007eab00280}: Index 407 out of bounds for length 407> (0x00000007eab00280) thrown at [./src/hotspot/share/interpreter/interpreterRuntime.cpp, line 444]

Events (20 events):
Event: 4.170 Executing VM operation: ParallelGCSystemGC
Event: 4.176 Executing VM operation: ParallelGCSystemGC done
Event: 4.208 loading class org/eclipse/jdt/internal/compiler/problem/messages
Event: 4.208 loading class org/eclipse/jdt/internal/compiler/problem/messages done
Event: 4.208 loading class org/eclipse/jdt/internal/compiler/problem/messages
Event: 4.208 loading class org/eclipse/jdt/internal/compiler/problem/messages done
Event: 4.233 loading class org/eclipse/jdt/internal/compiler/problem/messages_pt
Event: 4.233 loading class org/eclipse/jdt/internal/compiler/problem/messages_pt done
Event: 4.234 loading class org/eclipse/jdt/internal/compiler/problem/messages_pt
Event: 4.234 loading class org/eclipse/jdt/internal/compiler/problem/messages_pt done
Event: 4.236 loading class org/eclipse/jdt/internal/compiler/problem/messages_pt_PT
Event: 4.236 loading class org/eclipse/jdt/internal/compiler/problem/messages_pt_PT done
Event: 4.249 Executing VM operation: Deoptimize
Event: 4.250 Executing VM operation: Deoptimize done
Event: 4.253 Executing VM operation: CollectForMetadataAllocation
Event: 4.325 Executing VM operation: CollectForMetadataAllocation done
Event: 4.326 loading class java/lang/ArrayIndexOutOfBoundsException
Event: 4.326 loading class java/lang/IndexOutOfBoundsException
Event: 4.326 loading class java/lang/IndexOutOfBoundsException done
Event: 4.326 loading class java/lang/ArrayIndexOutOfBoundsException done


Dynamic libraries:
0x00007ffdffe63000 	/usr/libexec/rosetta/runtime
0x0000000108ea9000 	/Library/Apple/usr/libexec/oah/libRosettaRuntime
0x00007fff3519d000 	/System/Library/Frameworks/Cocoa.framework/Versions/A/Cocoa
0x00007fff2213f000 	/System/Library/Frameworks/Security.framework/Versions/A/Security
0x00007fff333a5000 	/System/Library/Frameworks/ApplicationServices.framework/Versions/A/ApplicationServices
0x00007fff2a60b000 	/usr/lib/libz.1.dylib
0x00000001093a4000 	/Library/Java/JavaVirtualMachines/temurin-11.jdk/Contents/Home/lib/jli/libjli.dylib
0x00007fff2a6d7000 	/usr/lib/libSystem.B.dylib
0x00007fff22b70000 	/System/Library/Frameworks/AppKit.framework/Versions/C/AppKit
0x00007fff25a5c000 	/System/Library/Frameworks/CoreData.framework/Versions/A/CoreData
0x00007fff210d7000 	/System/Library/Frameworks/Foundation.framework/Versions/C/Foundation
0x00007fff238bc000 	/System/Library/PrivateFrameworks/UIFoundation.framework/Versions/A/UIFoundation
0x00007fff2fe5f000 	/System/Library/PrivateFrameworks/RemoteViewServices.framework/Versions/A/RemoteViewServices
0x00007fff28c05000 	/System/Library/PrivateFrameworks/XCTTargetBootstrap.framework/Versions/A/XCTTargetBootstrap
0x00007fff2b957000 	/usr/lib/libspindump.dylib
0x00007fff23b0b000 	/System/Library/Frameworks/UniformTypeIdentifiers.framework/Versions/A/UniformTypeIdentifiers
0x00007fff27409000 	/usr/lib/libapp_launch_measurement.dylib
0x00007fff2740c000 	/System/Library/PrivateFrameworks/CoreAutoLayout.framework/Versions/A/CoreAutoLayout
0x00007fff2856c000 	/System/Library/Frameworks/Metal.framework/Versions/A/Metal
0x00007fff29266000 	/usr/lib/liblangid.dylib
0x00007fff28c09000 	/System/Library/PrivateFrameworks/CoreSVG.framework/Versions/A/CoreSVG
0x00007fff24b4b000 	/System/Library/PrivateFrameworks/SkyLight.framework/Versions/A/SkyLight
0x00007fff24eb1000 	/System/Library/Frameworks/CoreGraphics.framework/Versions/A/CoreGraphics
0x00007fff30386000 	/System/Library/Frameworks/Accelerate.framework/Versions/A/Accelerate
0x00007fff2b395000 	/System/Library/PrivateFrameworks/IconServices.framework/Versions/A/IconServices
0x00007fff28550000 	/System/Library/Frameworks/IOSurface.framework/Versions/A/IOSurface
0x00007fff263f0000 	/usr/lib/libDiagnosticMessagesClient.dylib
0x00007fff28bf1000 	/System/Library/PrivateFrameworks/DFRFoundation.framework/Versions/A/DFRFoundation
0x00007fff22497000 	/usr/lib/libicucore.A.dylib
0x00007fff2ce9e000 	/System/Library/Frameworks/AudioToolbox.framework/Versions/A/AudioToolbox
0x00007fff2c126000 	/System/Library/PrivateFrameworks/DataDetectorsCore.framework/Versions/A/DataDetectorsCore
0x00007fff24abe000 	/usr/lib/libMobileGestalt.dylib
0x00007fff288f5000 	/System/Library/Frameworks/Carbon.framework/Versions/A/Frameworks/HIToolbox.framework/Versions/A/HIToolbox
0x00007fff26e4e000 	/System/Library/Frameworks/QuartzCore.framework/Versions/A/QuartzCore
0x00007fff2fe97000 	/System/Library/Frameworks/Carbon.framework/Versions/A/Frameworks/SpeechRecognition.framework/Versions/A/SpeechRecognition
0x00007fff2716e000 	/System/Library/PrivateFrameworks/CoreUI.framework/Versions/A/CoreUI
0x00007fff21aad000 	/System/Library/Frameworks/CoreAudio.framework/Versions/A/CoreAudio
0x00007fff264db000 	/System/Library/Frameworks/DiskArbitration.framework/Versions/A/DiskArbitration
0x00007fff2bd24000 	/System/Library/PrivateFrameworks/MultitouchSupport.framework/Versions/A/MultitouchSupport
0x00007fff2c11d000 	/System/Library/PrivateFrameworks/InternationalSupport.framework/Versions/A/InternationalSupport
0x00007fff24abd000 	/usr/lib/libenergytrace.dylib
0x00007fff22a67000 	/System/Library/Frameworks/IOKit.framework/Versions/A/IOKit
0x00007fff301ca000 	/System/Library/Frameworks/CoreServices.framework/Versions/A/CoreServices
0x00007fff2739b000 	/System/Library/PrivateFrameworks/PerformanceAnalysis.framework/Versions/A/PerformanceAnalysis
0x00007fff6bd43000 	/System/Library/Frameworks/OpenGL.framework/Versions/A/OpenGL
0x00007fff2c1a1000 	/System/Library/PrivateFrameworks/UserActivity.framework/Versions/A/UserActivity
0x00007fff2021e000 	/usr/lib/libobjc.A.dylib
0x00007fff25563000 	/System/Library/Frameworks/ColorSync.framework/Versions/A/ColorSync
0x00007fff203fe000 	/System/Library/Frameworks/CoreFoundation.framework/Versions/A/CoreFoundation
0x00007fff28e74000 	/System/Library/Frameworks/CoreImage.framework/Versions/A/CoreImage
0x00007fff218c7000 	/System/Library/Frameworks/CoreText.framework/Versions/A/CoreText
0x00007fff28c33000 	/System/Library/Frameworks/ImageIO.framework/Versions/A/ImageIO
0x00007fff2a6dd000 	/System/Library/PrivateFrameworks/SoftLinking.framework/Versions/A/SoftLinking
0x00007fff27454000 	/usr/lib/libxml2.2.dylib
0x00007fff202e4000 	/usr/lib/libc++.1.dylib
0x00007fff2a94a000 	/usr/lib/libcompression.dylib
0x00007fff2c04f000 	/System/Library/PrivateFrameworks/TextureIO.framework/Versions/A/TextureIO
0x00007fff2b03a000 	/usr/lib/libate.dylib
0x00007fff2a6d1000 	/usr/lib/system/libcache.dylib
0x00007fff2a68d000 	/usr/lib/system/libcommonCrypto.dylib
0x00007fff2a6b7000 	/usr/lib/system/libcompiler_rt.dylib
0x00007fff2a6ac000 	/usr/lib/system/libcopyfile.dylib
0x00007fff2010e000 	/usr/lib/system/libcorecrypto.dylib
0x00007fff201d9000 	/usr/lib/system/libdispatch.dylib
0x00007fff2038c000 	/usr/lib/system/libdyld.dylib
0x00007fff2a6c8000 	/usr/lib/system/libkeymgr.dylib
0x00007fff2dc35000 	/usr/lib/system/liblaunch.dylib
0x00007fff2a66b000 	/usr/lib/system/libmacho.dylib
0x00007fff29e5f000 	/usr/lib/system/libquarantine.dylib
0x00007fff2a6c5000 	/usr/lib/system/libremovefile.dylib
0x00007fff24b1b000 	/usr/lib/system/libsystem_asl.dylib
0x00007fff200be000 	/usr/lib/system/libsystem_blocks.dylib
0x00007fff2025b000 	/usr/lib/system/libsystem_c.dylib
0x00007fff2a6bf000 	/usr/lib/system/libsystem_collections.dylib
0x00007fff29257000 	/usr/lib/system/libsystem_configuration.dylib
0x00007fff2853f000 	/usr/lib/system/libsystem_containermanager.dylib
0x00007fff2a40a000 	/usr/lib/system/libsystem_coreservices.dylib
0x00007fff226f7000 	/usr/lib/system/libsystem_darwin.dylib
0x00007fff2a6c9000 	/usr/lib/system/libsystem_dnssd.dylib
0x00007fff20258000 	/usr/lib/system/libsystem_featureflags.dylib
0x00007fff203d2000 	/usr/lib/system/libsystem_info.dylib
0x00007fff2a61e000 	/usr/lib/system/libsystem_m.dylib
0x00007fff201ac000 	/usr/lib/system/libsystem_malloc.dylib
0x00007fff24aae000 	/usr/lib/system/libsystem_networkextension.dylib
0x00007fff22b16000 	/usr/lib/system/libsystem_notify.dylib
0x00007fff300cc000 	/usr/lib/system/libsystem_product_info_filter.dylib
0x00007fff2925b000 	/usr/lib/system/libsystem_sandbox.dylib
0x00007fff2a6c2000 	/usr/lib/system/libsystem_secinit.dylib
0x00007fff20350000 	/usr/lib/system/libsystem_kernel.dylib
0x00007fff203c8000 	/usr/lib/system/libsystem_platform.dylib
0x00007fff20380000 	/usr/lib/system/libsystem_pthread.dylib
0x00007fff2622c000 	/usr/lib/system/libsystem_symptoms.dylib
0x00007fff200f6000 	/usr/lib/system/libsystem_trace.dylib
0x00007fff2a699000 	/usr/lib/system/libunwind.dylib
0x00007fff200c0000 	/usr/lib/system/libxpc.dylib
0x00007fff2033a000 	/usr/lib/libc++abi.dylib
0x00007fff2a6a4000 	/usr/lib/liboah.dylib
0x00007fff2ad66000 	/usr/lib/liblzma.5.dylib
0x00007fff20deb000 	/System/Library/Frameworks/SystemConfiguration.framework/Versions/A/SystemConfiguration
0x00007fff2a6d9000 	/usr/lib/libfakelink.dylib
0x00007fff2460f000 	/System/Library/Frameworks/CFNetwork.framework/Versions/A/CFNetwork
0x00007fff2a819000 	/usr/lib/libarchive.2.dylib
0x00007fff20e69000 	/usr/lib/libCRFSuite.dylib
0x00007fff29e86000 	/usr/lib/libbsm.0.dylib
0x00007fff23f88000 	/usr/lib/libnetwork.dylib
0x00007fff2a6de000 	/usr/lib/libpcap.A.dylib
0x00007fff26225000 	/usr/lib/libdns_services.dylib
0x00007fff2ad7f000 	/usr/lib/libcoretls_cfhelpers.dylib
0x00007fff2a918000 	/usr/lib/libapple_nghttp2.dylib
0x00007fff2a671000 	/usr/lib/system/libkxld.dylib
0x00007fff25ea3000 	/usr/lib/libsqlite3.dylib
0x00007fff2a3ed000 	/System/Library/PrivateFrameworks/AppleFSCompression.framework/Versions/A/AppleFSCompression
0x00007fff29e6e000 	/usr/lib/libcoretls.dylib
0x00007fff2a945000 	/usr/lib/libpam.2.dylib
0x00007fff2ae7d000 	/usr/lib/libxar.1.dylib
0x00007fff29262000 	/System/Library/PrivateFrameworks/AppleSystemInfo.framework/Versions/A/AppleSystemInfo
0x00007fff29ab0000 	/System/Library/PrivateFrameworks/IOMobileFramebuffer.framework/Versions/A/IOMobileFramebuffer
0x00007fff2a3fd000 	/usr/lib/libbz2.1.0.dylib
0x00007fff2a716000 	/usr/lib/libiconv.2.dylib
0x00007fff2a66a000 	/usr/lib/libcharset.1.dylib
0x00007fff273d7000 	/System/Library/Frameworks/CoreServices.framework/Versions/A/Frameworks/FSEvents.framework/Versions/A/FSEvents
0x00007fff22701000 	/System/Library/Frameworks/CoreServices.framework/Versions/A/Frameworks/CarbonCore.framework/Versions/A/CarbonCore
0x00007fff26440000 	/System/Library/Frameworks/CoreServices.framework/Versions/A/Frameworks/Metadata.framework/Versions/A/Metadata
0x00007fff2a40f000 	/System/Library/Frameworks/CoreServices.framework/Versions/A/Frameworks/OSServices.framework/Versions/A/OSServices
0x00007fff2a88b000 	/System/Library/Frameworks/CoreServices.framework/Versions/A/Frameworks/SearchKit.framework/Versions/A/SearchKit
0x00007fff261b0000 	/System/Library/Frameworks/CoreServices.framework/Versions/A/Frameworks/AE.framework/Versions/A/AE
0x00007fff2089c000 	/System/Library/Frameworks/CoreServices.framework/Versions/A/Frameworks/LaunchServices.framework/Versions/A/LaunchServices
0x00007fff2ad16000 	/System/Library/Frameworks/CoreServices.framework/Versions/A/Frameworks/DictionaryServices.framework/Versions/A/DictionaryServices
0x00007fff273e4000 	/System/Library/Frameworks/CoreServices.framework/Versions/A/Frameworks/SharedFileList.framework/Versions/A/SharedFileList
0x00007fff29e62000 	/usr/lib/libCheckFix.dylib
0x00007fff24b32000 	/System/Library/PrivateFrameworks/TCC.framework/Versions/A/TCC
0x00007fff29268000 	/System/Library/PrivateFrameworks/CoreNLP.framework/Versions/A/CoreNLP
0x00007fff263f3000 	/System/Library/PrivateFrameworks/MetadataUtilities.framework/Versions/A/MetadataUtilities
0x00007fff20e9e000 	/usr/lib/libmecabra.dylib
0x00007fff2a16c000 	/System/Library/Frameworks/MLCompute.framework/Versions/A/MLCompute
0x00007fff29e97000 	/usr/lib/libmecab.dylib
0x00007fff29ee1000 	/usr/lib/libgermantok.dylib
0x00007fff2a8f3000 	/usr/lib/libThaiTokenizer.dylib
0x00007fff2aeb8000 	/usr/lib/libChineseTokenizer.dylib
0x00007fff2a943000 	/System/Library/Frameworks/MetalPerformanceShaders.framework/Versions/A/MetalPerformanceShaders
0x00007fff264e2000 	/System/Library/Frameworks/Accelerate.framework/Versions/A/Frameworks/vImage.framework/Versions/A/vImage
0x00007fff301a4000 	/System/Library/Frameworks/Accelerate.framework/Versions/A/Frameworks/vecLib.framework/Versions/A/vecLib
0x00007fff2aec3000 	/System/Library/Frameworks/Accelerate.framework/Versions/A/Frameworks/vecLib.framework/Versions/A/libvMisc.dylib
0x00007fff29910000 	/System/Library/Frameworks/Accelerate.framework/Versions/A/Frameworks/vecLib.framework/Versions/A/libvDSP.dylib
0x00007fff20ba7000 	/System/Library/Frameworks/Accelerate.framework/Versions/A/Frameworks/vecLib.framework/Versions/A/libBLAS.dylib
0x00007fff2a971000 	/System/Library/Frameworks/Accelerate.framework/Versions/A/Frameworks/vecLib.framework/Versions/A/libLAPACK.dylib
0x00007fff29ee7000 	/System/Library/Frameworks/Accelerate.framework/Versions/A/Frameworks/vecLib.framework/Versions/A/libLinearAlgebra.dylib
0x00007fff2a930000 	/System/Library/Frameworks/Accelerate.framework/Versions/A/Frameworks/vecLib.framework/Versions/A/libSparseBLAS.dylib
0x00007fff2a96b000 	/System/Library/Frameworks/Accelerate.framework/Versions/A/Frameworks/vecLib.framework/Versions/A/libQuadrature.dylib
0x00007fff29314000 	/System/Library/Frameworks/Accelerate.framework/Versions/A/Frameworks/vecLib.framework/Versions/A/libBNNS.dylib
0x00007fff20d7c000 	/System/Library/Frameworks/Accelerate.framework/Versions/A/Frameworks/vecLib.framework/Versions/A/libSparse.dylib
0x00007fff291f0000 	/System/Library/Frameworks/MetalPerformanceShaders.framework/Versions/A/Frameworks/MPSCore.framework/Versions/A/MPSCore
0x00007fff2a35c000 	/System/Library/Frameworks/MetalPerformanceShaders.framework/Versions/A/Frameworks/MPSImage.framework/Versions/A/MPSImage
0x00007fff29efd000 	/System/Library/Frameworks/MetalPerformanceShaders.framework/Versions/A/Frameworks/MPSNeuralNetwork.framework/Versions/A/MPSNeuralNetwork
0x00007fff2a2ce000 	/System/Library/Frameworks/MetalPerformanceShaders.framework/Versions/A/Frameworks/MPSMatrix.framework/Versions/A/MPSMatrix
0x00007fff2a11c000 	/System/Library/Frameworks/MetalPerformanceShaders.framework/Versions/A/Frameworks/MPSRayIntersector.framework/Versions/A/MPSRayIntersector
0x00007fff2a305000 	/System/Library/Frameworks/MetalPerformanceShaders.framework/Versions/A/Frameworks/MPSNDArray.framework/Versions/A/MPSNDArray
0x00007fff20ad2000 	/System/Library/PrivateFrameworks/MetalTools.framework/Versions/A/MetalTools
0x00007fff29260000 	/System/Library/PrivateFrameworks/AggregateDictionary.framework/Versions/A/AggregateDictionary
0x00007fff263c0000 	/System/Library/PrivateFrameworks/CoreAnalytics.framework/Versions/A/CoreAnalytics
0x00007fff2a8f5000 	/System/Library/PrivateFrameworks/AppleSauce.framework/Versions/A/AppleSauce
0x00007fff28562000 	/System/Library/PrivateFrameworks/IOAccelerator.framework/Versions/A/IOAccelerator
0x00007fff6bd37000 	/System/Library/Frameworks/OpenGL.framework/Versions/A/Libraries/libCoreFSCache.dylib
0x00007fff21436000 	/System/Library/PrivateFrameworks/LanguageModeling.framework/Versions/A/LanguageModeling
0x00007fff29a9e000 	/System/Library/PrivateFrameworks/CoreEmoji.framework/Versions/A/CoreEmoji
0x00007fff2930d000 	/System/Library/PrivateFrameworks/LinguisticData.framework/Versions/A/LinguisticData
0x00007fff20d2e000 	/System/Library/PrivateFrameworks/Lexicon.framework/Versions/A/Lexicon
0x00007fff2a807000 	/usr/lib/libcmph.dylib
0x00007fff273b7000 	/System/Library/Frameworks/OpenDirectory.framework/Versions/A/Frameworks/CFOpenDirectory.framework/Versions/A/CFOpenDirectory
0x00007fff273a7000 	/System/Library/Frameworks/OpenDirectory.framework/Versions/A/OpenDirectory
0x00007fff2ad81000 	/System/Library/PrivateFrameworks/APFS.framework/Versions/A/APFS
0x00007fff29dc4000 	/System/Library/Frameworks/SecurityFoundation.framework/Versions/A/SecurityFoundation
0x00007fff2ae8b000 	/usr/lib/libutil.dylib
0x00007fff22a2c000 	/System/Library/PrivateFrameworks/CoreServicesStore.framework/Versions/A/CoreServicesStore
0x00007fff29e5a000 	/System/Library/Frameworks/ServiceManagement.framework/Versions/A/ServiceManagement
0x00007fff2ae8f000 	/usr/lib/libxslt.1.dylib
0x00007fff29e50000 	/System/Library/PrivateFrameworks/BackgroundTaskManagement.framework/Versions/A/BackgroundTaskManagement
0x00007fff2bf9a000 	/System/Library/Frameworks/ImageIO.framework/Versions/A/Resources/libRadiance.dylib
0x00007fff2bfa3000 	/System/Library/Frameworks/ImageIO.framework/Versions/A/Resources/libJPEG.dylib
0x00007fff2beee000 	/System/Library/Frameworks/ImageIO.framework/Versions/A/Resources/libPng.dylib
0x00007fff2bf15000 	/System/Library/Frameworks/ImageIO.framework/Versions/A/Resources/libTIFF.dylib
0x00007fff2bff8000 	/System/Library/Frameworks/ImageIO.framework/Versions/A/Resources/libGIF.dylib
0x00007fff2bc41000 	/System/Library/Frameworks/ImageIO.framework/Versions/A/Resources/libJP2.dylib
0x00007fff2b35d000 	/usr/lib/libexpat.1.dylib
0x00007fff2bbf7000 	/System/Library/PrivateFrameworks/AppleJPEG.framework/Versions/A/AppleJPEG
0x00007fff28798000 	/System/Library/PrivateFrameworks/FontServices.framework/libFontParser.dylib
0x00007fff26167000 	/System/Library/PrivateFrameworks/RunningBoardServices.framework/Versions/A/RunningBoardServices
0x00007fff2bd20000 	/System/Library/PrivateFrameworks/WatchdogClient.framework/Versions/A/WatchdogClient
0x00007fff2151f000 	/System/Library/Frameworks/CoreDisplay.framework/Versions/A/CoreDisplay
0x00007fff286ad000 	/System/Library/Frameworks/CoreMedia.framework/Versions/A/CoreMedia
0x00007fff27537000 	/System/Library/Frameworks/CoreVideo.framework/Versions/A/CoreVideo
0x00007fff2bd5b000 	/System/Library/Frameworks/VideoToolbox.framework/Versions/A/VideoToolbox
0x00007fff260e7000 	/System/Library/PrivateFrameworks/BaseBoard.framework/Versions/A/BaseBoard
0x00007fff2b4a1000 	/System/Library/PrivateFrameworks/PersistentConnection.framework/Versions/A/PersistentConnection
0x00007fff25e8d000 	/System/Library/PrivateFrameworks/ProtocolBuffer.framework/Versions/A/ProtocolBuffer
0x00007fff260cf000 	/System/Library/PrivateFrameworks/CommonUtilities.framework/Versions/A/CommonUtilities
0x00007fff2bbba000 	/System/Library/PrivateFrameworks/Bom.framework/Versions/A/Bom
0x00007fff2bf92000 	/System/Library/PrivateFrameworks/GPUWrangler.framework/Versions/A/GPUWrangler
0x00007fff2bf75000 	/System/Library/PrivateFrameworks/IOPresentment.framework/Versions/A/IOPresentment
0x00007fff2bf9d000 	/System/Library/PrivateFrameworks/DSExternalDisplay.framework/Versions/A/DSExternalDisplay
0x00007fff2bffd000 	/System/Library/PrivateFrameworks/CMCaptureCore.framework/Versions/A/CMCaptureCore
0x00007fff2b93d000 	/System/Library/PrivateFrameworks/AppServerSupport.framework/Versions/A/AppServerSupport
0x00007fff2d9d8000 	/System/Library/PrivateFrameworks/perfdata.framework/Versions/A/perfdata
0x00007fff29db3000 	/System/Library/PrivateFrameworks/AssertionServices.framework/Versions/A/AssertionServices
0x00007fff21656000 	/System/Library/PrivateFrameworks/AudioToolboxCore.framework/Versions/A/AudioToolboxCore
0x00007fff28690000 	/System/Library/PrivateFrameworks/caulk.framework/Versions/A/caulk
0x00007fff3ce84000 	/System/Library/PrivateFrameworks/SystemPolicy.framework/Versions/A/SystemPolicy
0x00007fff2b16c000 	/usr/lib/libIOReport.dylib
0x00007fff2d214000 	/usr/lib/libSMC.dylib
0x00007fff2beba000 	/usr/lib/libAudioToolboxUtility.dylib
0x00007fff3d7e1000 	/usr/lib/libmis.dylib
0x00007fff6bd93000 	/System/Library/Frameworks/OpenGL.framework/Versions/A/Libraries/libGLU.dylib
0x00007fff6bd56000 	/System/Library/Frameworks/OpenGL.framework/Versions/A/Libraries/libGFXShared.dylib
0x00007fff6bf64000 	/System/Library/Frameworks/OpenGL.framework/Versions/A/Libraries/libGL.dylib
0x00007fff6bd5f000 	/System/Library/Frameworks/OpenGL.framework/Versions/A/Libraries/libGLImage.dylib
0x00007fff6bd53000 	/System/Library/Frameworks/OpenGL.framework/Versions/A/Libraries/libCVMSPluginSupport.dylib
0x00007fff6bd3e000 	/System/Library/Frameworks/OpenGL.framework/Versions/A/Libraries/libCoreVMClient.dylib
0x00007fff6d3ae000 	/System/Library/Frameworks/OpenCL.framework/Versions/A/OpenCL
0x00007fff2b4ca000 	/System/Library/PrivateFrameworks/GraphVisualizer.framework/Versions/A/GraphVisualizer
0x00007fff2b4d9000 	/System/Library/PrivateFrameworks/FaceCore.framework/Versions/A/FaceCore
0x00007fff2b8f5000 	/System/Library/PrivateFrameworks/OTSVG.framework/Versions/A/OTSVG
0x00007fff2712c000 	/System/Library/Frameworks/ApplicationServices.framework/Versions/A/Frameworks/ATS.framework/Versions/A/Resources/libFontRegistry.dylib
0x00007fff2b944000 	/System/Library/PrivateFrameworks/FontServices.framework/libhvf.dylib
0x00007fff2b309000 	/System/Library/PrivateFrameworks/AppleVA.framework/Versions/A/AppleVA
0x00007fff2d05c000 	/System/Library/Frameworks/ApplicationServices.framework/Versions/A/Frameworks/ATS.framework/Versions/A/ATS
0x00007fff2d36f000 	/System/Library/Frameworks/ApplicationServices.framework/Versions/A/Frameworks/ColorSyncLegacy.framework/Versions/A/ColorSyncLegacy
0x00007fff2565a000 	/System/Library/Frameworks/ApplicationServices.framework/Versions/A/Frameworks/HIServices.framework/Versions/A/HIServices
0x00007fff2d354000 	/System/Library/Frameworks/ApplicationServices.framework/Versions/A/Frameworks/LangAnalysis.framework/Versions/A/LangAnalysis
0x00007fff2c007000 	/System/Library/Frameworks/ApplicationServices.framework/Versions/A/Frameworks/PrintCore.framework/Versions/A/PrintCore
0x00007fff2d377000 	/System/Library/Frameworks/ApplicationServices.framework/Versions/A/Frameworks/QD.framework/Versions/A/QD
0x00007fff2d04c000 	/System/Library/Frameworks/ApplicationServices.framework/Versions/A/Frameworks/SpeechSynthesis.framework/Versions/A/SpeechSynthesis
0x00007fff2bfc8000 	/System/Library/Frameworks/ApplicationServices.framework/Versions/A/Frameworks/ATSUI.framework/Versions/A/ATSUI
0x00007fff2d2f4000 	/usr/lib/libcups.2.dylib
0x00007fff2d364000 	/System/Library/PrivateFrameworks/NetAuth.framework/Versions/A/NetAuth
0x00007fff2d9f3000 	/System/Library/Frameworks/Kerberos.framework/Versions/A/Kerberos
0x00007fff2da03000 	/System/Library/Frameworks/GSS.framework/Versions/A/GSS
0x00007fff2d0c9000 	/usr/lib/libresolv.9.dylib
0x00007fff2b95a000 	/System/Library/PrivateFrameworks/Heimdal.framework/Versions/A/Heimdal
0x00007fff336ba000 	/System/Library/Frameworks/Kerberos.framework/Versions/A/Libraries/libHeimdalProxy.dylib
0x00007fff26234000 	/System/Library/Frameworks/Network.framework/Versions/A/Network
0x00007fff2b376000 	/usr/lib/libheimdal-asn1.dylib
0x00007fff2da54000 	/System/Library/PrivateFrameworks/CommonAuth.framework/Versions/A/CommonAuth
0x00007fff27585000 	/System/Library/PrivateFrameworks/login.framework/Versions/A/Frameworks/loginsupport.framework/Versions/A/loginsupport
0x00007fff2cfd3000 	/System/Library/PrivateFrameworks/AudioSession.framework/Versions/A/AudioSession
0x00007fff2d039000 	/usr/lib/libAudioStatistics.dylib
0x00007fff2b402000 	/System/Library/PrivateFrameworks/MediaExperience.framework/Versions/A/MediaExperience
0x00007fff2ce6c000 	/System/Library/PrivateFrameworks/AudioSession.framework/libSessionUtility.dylib
0x00007fff2d9e4000 	/usr/lib/libperfcheck.dylib
0x00007fff2d383000 	/System/Library/PrivateFrameworks/AudioResourceArbitration.framework/Versions/A/AudioResourceArbitration
0x00007fff2b380000 	/System/Library/PrivateFrameworks/IconFoundation.framework/Versions/A/IconFoundation
0x00007fff2fe87000 	/System/Library/PrivateFrameworks/SpeechRecognitionCore.framework/Versions/A/SpeechRecognitionCore
0x000000010d800000 	/Library/Java/JavaVirtualMachines/temurin-11.jdk/Contents/Home/lib/server/libjvm.dylib
0x0000000109415000 	/Library/Java/JavaVirtualMachines/temurin-11.jdk/Contents/Home/lib/libverify.dylib
0x000000010948f000 	/Library/Java/JavaVirtualMachines/temurin-11.jdk/Contents/Home/lib/libjava.dylib
0x00000001094f6000 	/Library/Java/JavaVirtualMachines/temurin-11.jdk/Contents/Home/lib/libjimage.dylib
0x000000010954f000 	/Library/Java/JavaVirtualMachines/temurin-11.jdk/Contents/Home/lib/libzip.dylib
0x000000012bf21000 	/Library/Java/JavaVirtualMachines/temurin-11.jdk/Contents/Home/lib/libnio.dylib
0x000000012bf4d000 	/Library/Java/JavaVirtualMachines/temurin-11.jdk/Contents/Home/lib/libnet.dylib
0x000000012bdfa000 	/Users/rodrigoguerreiro/Library/Application Support/Code/User/globalStorage/redhat.java/0.81.0/config_ss_mac/org.eclipse.equinox.launcher/org.eclipse.equinox.launcher.cocoa.macosx.x86_64_1.2.300.v20210622-1446/eclipse_11501.so
0x00007fff229ed000 	/System/Library/PrivateFrameworks/CoreServicesInternal.framework/Versions/A/CoreServicesInternal
0x00007fff3120e000 	/System/Library/Frameworks/FileProvider.framework/Versions/A/FileProvider
0x00007fff26052000 	/System/Library/Frameworks/Accounts.framework/Versions/A/Accounts
0x00007fff3135e000 	/System/Library/PrivateFrameworks/GenerationalStorage.framework/Versions/A/GenerationalStorage
0x00007fff31cf8000 	/System/Library/PrivateFrameworks/CoreSymbolication.framework/Versions/A/CoreSymbolication
0x00007fff30c2e000 	/System/Library/PrivateFrameworks/SymptomDiagnosticReporter.framework/Versions/A/SymptomDiagnosticReporter
0x00007fff23b1e000 	/System/Library/PrivateFrameworks/DesktopServicesPriv.framework/Versions/A/DesktopServicesPriv
0x00007fff22b22000 	/usr/lib/libsandbox.1.dylib
0x00007fff275b0000 	/System/Library/PrivateFrameworks/UserManagement.framework/Versions/A/UserManagement
0x00007fff29d90000 	/System/Library/PrivateFrameworks/MobileKeyBag.framework/Versions/A/MobileKeyBag
0x00007fff3473d000 	/System/Library/PrivateFrameworks/ChunkingLibrary.framework/Versions/A/ChunkingLibrary
0x00007fff31cbc000 	/System/Library/PrivateFrameworks/DebugSymbols.framework/Versions/A/DebugSymbols
0x00007fff2e417000 	/System/Library/PrivateFrameworks/Sharing.framework/Versions/A/Sharing
0x00007fff32cbc000 	/System/Library/PrivateFrameworks/Apple80211.framework/Versions/A/Apple80211
0x00007fff2a43d000 	/System/Library/PrivateFrameworks/AuthKit.framework/Versions/A/AuthKit
0x00007fff29b8e000 	/System/Library/PrivateFrameworks/CoreUtils.framework/Versions/A/CoreUtils
0x00007fff29abb000 	/System/Library/Frameworks/CoreWLAN.framework/Versions/A/CoreWLAN
0x00007fff2e563000 	/System/Library/Frameworks/IOBluetooth.framework/Versions/A/IOBluetooth
0x00007fff32d20000 	/System/Library/PrivateFrameworks/CoreWiFi.framework/Versions/A/CoreWiFi
0x00007fff2dada000 	/System/Library/PrivateFrameworks/CorePhoneNumbers.framework/Versions/A/CorePhoneNumbers
0x00007fff30d35000 	/System/Library/PrivateFrameworks/DiskManagement.framework/Versions/A/DiskManagement
0x00007fff30c4b000 	/System/Library/PrivateFrameworks/AppleIDAuthSupport.framework/Versions/A/AppleIDAuthSupport
0x00007fff2daba000 	/System/Library/PrivateFrameworks/KeychainCircle.framework/Versions/A/KeychainCircle
0x00007fff30d01000 	/System/Library/PrivateFrameworks/MediaKit.framework/Versions/A/MediaKit
0x00007fff30c58000 	/System/Library/Frameworks/DiscRecording.framework/Versions/A/DiscRecording
0x00007fff2b27d000 	/usr/lib/libCoreStorage.dylib
0x00007fff3315b000 	/usr/lib/libcsfde.dylib
0x00007fff2e69e000 	/System/Library/PrivateFrameworks/ProtectedCloudStorage.framework/Versions/A/ProtectedCloudStorage
0x00007fff33153000 	/System/Library/PrivateFrameworks/EFILogin.framework/Versions/A/EFILogin
0x00007fff3376d000 	/System/Library/Frameworks/AudioUnit.framework/Versions/A/AudioUnit
0x00007fff30bc8000 	/System/Library/Frameworks/CoreBluetooth.framework/Versions/A/CoreBluetooth
0x00007fff2b275000 	/usr/lib/libMatch.1.dylib
0x00007fff272af000 	/System/Library/PrivateFrameworks/ViewBridge.framework/Versions/A/ViewBridge


VM Arguments:
jvm_args: --add-modules=ALL-SYSTEM --add-opens=java.base/java.util=ALL-UNNAMED --add-opens=java.base/java.lang=ALL-UNNAMED -Declipse.application=org.eclipse.jdt.ls.core.id1 -Dosgi.bundles.defaultStartLevel=4 -Declipse.product=org.eclipse.jdt.ls.core.product -Dfile.encoding=utf8 -XX:+UseParallelGC -XX:GCTimeRatio=4 -XX:AdaptiveSizePolicyWeight=90 -Dsun.zip.disableMemoryMapping=true -Xmx1G -Xms100m -Xverify:none 
java_command: /Users/rodrigoguerreiro/.vscode/extensions/redhat.java-0.81.0/server/plugins/org.eclipse.equinox.launcher_1.6.200.v20210416-2027.jar -configuration /Users/rodrigoguerreiro/Library/Application Support/Code/User/globalStorage/redhat.java/0.81.0/config_ss_mac -data /Users/rodrigoguerreiro/Library/Application Support/Code/User/workspaceStorage/cc41e5a0329dd2aa306af9612dd1bfca/redhat.java/ss_ws
java_class_path (initial): /Users/rodrigoguerreiro/.vscode/extensions/redhat.java-0.81.0/server/plugins/org.eclipse.equinox.launcher_1.6.200.v20210416-2027.jar
Launcher Type: SUN_STANDARD

[Global flags]
    uintx AdaptiveSizePolicyWeight                 = 90                                        {product} {command line}
     bool BytecodeVerificationLocal                = false                                     {product} {command line}
     bool BytecodeVerificationRemote               = false                                     {product} {command line}
     intx CICompilerCount                          = 4                                         {product} {ergonomic}
    uintx GCTimeRatio                              = 4                                         {product} {command line}
   size_t InitialHeapSize                          = 104857600                                 {product} {command line}
   size_t MaxHeapSize                              = 1073741824                                {product} {command line}
   size_t MaxNewSize                               = 357564416                                 {product} {ergonomic}
   size_t MinHeapDeltaBytes                        = 524288                                    {product} {ergonomic}
   size_t NewSize                                  = 34603008                                  {product} {ergonomic}
    uintx NonNMethodCodeHeapSize                   = 5836300                                {pd product} {ergonomic}
    uintx NonProfiledCodeHeapSize                  = 122910970                              {pd product} {ergonomic}
   size_t OldSize                                  = 70254592                                  {product} {ergonomic}
    uintx ProfiledCodeHeapSize                     = 122910970                              {pd product} {ergonomic}
    uintx ReservedCodeCacheSize                    = 251658240                              {pd product} {ergonomic}
     bool SegmentedCodeCache                       = true                                      {product} {ergonomic}
     bool UseCompressedClassPointers               = true                                 {lp64_product} {ergonomic}
     bool UseCompressedOops                        = true                                 {lp64_product} {ergonomic}
     bool UseParallelGC                            = true                                      {product} {command line}

Logging:
Log output configuration:
 #0: stdout all=warning uptime,level,tags
 #1: stderr all=off uptime,level,tags

Environment Variables:
PATH=/Library/Frameworks/Python.framework/Versions/3.9/bin:/usr/local/bin:/usr/bin:/bin:/usr/sbin:/sbin
SHELL=/bin/zsh

Signal Handlers:
SIGSEGV: [libjvm.dylib+0x7c73e4], sa_mask[0]=11111111111111111111111111111111, sa_flags=SA_ONSTACK|SA_RESTART|SA_SIGINFO
SIGBUS: [libjvm.dylib+0x7c73e4], sa_mask[0]=11111111111111111111111111111111, sa_flags=SA_RESTART|SA_SIGINFO
SIGFPE: [libjvm.dylib+0x7c73e4], sa_mask[0]=11111111111111111111111111111111, sa_flags=SA_RESTART|SA_SIGINFO
SIGPIPE: [libjvm.dylib+0x62c4e1], sa_mask[0]=11111111111111111111111111111111, sa_flags=SA_RESTART|SA_SIGINFO
SIGXFSZ: [libjvm.dylib+0x62c4e1], sa_mask[0]=11111111111111111111111111111111, sa_flags=SA_RESTART|SA_SIGINFO
SIGILL: [libjvm.dylib+0x7c73e4], sa_mask[0]=11111111111111111111111111111111, sa_flags=SA_RESTART|SA_SIGINFO
SIGUSR2: [libjvm.dylib+0x62cac9], sa_mask[0]=00000000000000000000000000000000, sa_flags=SA_RESTART|SA_SIGINFO
SIGHUP: [libjvm.dylib+0x62b667], sa_mask[0]=11111111111111111111111111111111, sa_flags=SA_RESTART|SA_SIGINFO
SIGINT: [libjvm.dylib+0x62b667], sa_mask[0]=11111111111111111111111111111111, sa_flags=SA_RESTART|SA_SIGINFO
SIGTERM: [libjvm.dylib+0x62b667], sa_mask[0]=11111111111111111111111111111111, sa_flags=SA_RESTART|SA_SIGINFO
SIGQUIT: [libjvm.dylib+0x62b667], sa_mask[0]=11111111111111111111111111111111, sa_flags=SA_RESTART|SA_SIGINFO


---------------  S Y S T E M  ---------------

OS:uname:Darwin 20.6.0 Darwin Kernel Version 20.6.0: Wed Jun 23 00:26:27 PDT 2021; root:xnu-7195.141.2~5/RELEASE_ARM64_T8101 x86_64
OS uptime: 0 days 11:27 hours
rlimit (soft/hard): STACK 8176k/65520k , CORE 0k/infinity , NPROC 2666/4000 , NOFILE 10240/infinity , AS infinity/infinity , CPU infinity/infinity , DATA infinity/infinity , FSIZE infinity/infinity , MEMLOCK infinity/infinity , RSS infinity/infinity
load average:1.77 2.17 2.61

CPU:total 8 (initial active 8) (1 cores per cpu, 1 threads per core) family 6 model 44 stepping 0 microcode 0x0, cmov, cx8, fxsr, mmx, sse, sse2, sse3, ssse3, sse4.1, sse4.2, popcnt, aes, clmul, tsc, tscinvbit, tscinv

Memory: 4k page, physical 16777216k(204896k free), swap 0k(0k free)

vm_info: OpenJDK 64-Bit Server VM (11.0.12+7) for bsd-amd64 JRE (11.0.12+7), built on Jul 21 2021 09:19:19 by "jenkins" with clang 4.2.1 Compatible Apple LLVM 10.0.1 (clang-1001.0.46.4)

END.
